            --------------------------------------------------------
                             AMBER SQM VERSION 17
 
                                     By
              Ross C. Walker, Michael F. Crowley, Scott Brozell,
                         Tim Giese, Andreas W. Goetz,
                        Tai-Sung Lee and David A. Case
 
            --------------------------------------------------------
 

--------------------------------------------------------------------------------
  QM CALCULATION INFO
--------------------------------------------------------------------------------

| QMMM: Citation for AMBER QMMM Run:
| QMMM: R.C. Walker, M.F. Crowley and D.A. Case, J. COMP. CHEM. 29:1019, 2008

QMMM: SINGLET STATE CALCULATION
QMMM: RHF CALCULATION, NO. OF DOUBLY OCCUPIED LEVELS = 55

| QMMM: *** Selected Hamiltonian *** 
| QMMM: AM1         

| QMMM: *** Parameter sets in use ***
| QMMM: N : M.J.S.DEWAR et al. JACS, 107, 3902, (1985)
| QMMM: C : M.J.S.DEWAR et al. JACS, 107, 3902, (1985)
| QMMM: Cl: M.J.S.DEWAR et al. THEOCHEM, 180, 1, (1988)
| QMMM: H : M.J.S.DEWAR et al. JACS, 107, 3902, (1985)

| QMMM: *** SCF convergence criteria ***
| QMMM: Energy change                :  0.1D-09 kcal/mol
| QMMM: Error matrix |FP-PF|         :  0.1D+00 au
| QMMM: Density matrix change        :  0.5D-06
| QMMM: Maximum number of SCF cycles :    10000

| QMMM: *** Diagonalization Routine Information ***
| QMMM: Pseudo diagonalizations are allowed.
| QMMM: Auto diagonalization routine selection is in use.
| QMMM:
| QMMM: Timing diagonalization routines:
| QMMM:                              norbs =      101
| QMMM:    diag iterations used for timing =       10
| QMMM:
| QMMM:              Internal diag routine = 0.037366 seconds
| QMMM:                 Dspev diag routine = 0.032418 seconds
| QMMM:                Dspevd diag routine = 0.022146 seconds
| QMMM:                Dspevx diag routine = 0.088282 seconds
| QMMM:                 Dsyev diag routine = 0.027066 seconds
| QMMM:                Dsyevd diag routine = 0.020688 seconds
| QMMM:                Dsyevr diag routine = 0.022066 seconds
| QMMM:
| QMMM:                Pseudo diag routine = 0.009672 seconds
| QMMM:
| QMMM: Using dsyevd routine (diag_routine=6).

  QMMM: QM Region Cartesian Coordinates (*=link atom) 
  QMMM: QM_NO.   MM_NO.  ATOM         X         Y         Z
  QMMM:     1        1      N        0.4610   10.1750   24.4240
  QMMM:     2        2      N        0.4450   12.1180   23.6900
  QMMM:     3        3      N        0.1860   12.1630   24.1090
  QMMM:     4        4      C        0.5860   10.2580   23.8460
  QMMM:     5        5      C        0.4510   11.7280   24.2080
  QMMM:     6        6      C        0.6140   12.5280   24.2290
  QMMM:     7        7      C        0.5340   13.8980   24.5380
  QMMM:     8        8      C        0.2860   14.4760   24.8250
  QMMM:     9        9      C        0.1240   13.6820   24.8080
  QMMM:    10       10      C        0.1870   12.3020   24.5090
  QMMM:    11       11      C        0.0640   11.5220   24.5080
  QMMM:    12       12      C        0.1000   10.1600   24.8760
  QMMM:    13       13      C        0.3530    9.5150   24.8280
  QMMM:    14       14      C        0.3140   11.4560   24.0920
  QMMM:    15       15      C        0.5170    8.0940   25.1750
  QMMM:    16       16      C        0.3780    7.1190   24.1620
  QMMM:    17       17      C        0.5290    5.7490   24.4480
  QMMM:    18       18      C        0.8190    5.3340   25.7600
  QMMM:    19       19      C        0.9520    6.2920   26.7820
  QMMM:    20       20      C        0.8000    7.6640   26.4970
  QMMM:    21       21      Cl       0.0060    3.6560   26.1170
  QMMM:    22       22      Cl       0.9440    8.7960   27.7960
  QMMM:    23       23      H        0.3340   11.6410   23.6740
  QMMM:    24       24      H        0.4010   13.0950   23.4420
  QMMM:    25       25      H        0.1740    5.9710   27.8000
  QMMM:    26       26      H        0.4880   10.1380   22.7670
  QMMM:    27       27      H        0.5820   12.0800   24.0040
  QMMM:    28       28      H        0.4370   14.5090   24.5550
  QMMM:    29       29      H        0.2180   15.5380   25.0610
  QMMM:    30       30      H        0.1590   14.1390   25.0290
  QMMM:    31       31      H        0.8010    9.6300   25.1840
  QMMM:    32       32      H        0.1500    7.4330   23.1430
  QMMM:    33       33      H        0.4210    5.0110   23.6530
  QMMM:    34       34      H        0.8060    9.6860   24.3480
  QMMM:    35       35      H        0.5630    9.8940   24.1640

--------------------------------------------------------------------------------
  RESULTS
--------------------------------------------------------------------------------

      iter         sqm energy              rms gradient
      ----    -------------------    -----------------------
xmin    10      972.1461 kcal/mol       69.4209 kcal/(mol*A)
xmin    20      325.3148 kcal/mol        4.7445 kcal/(mol*A)
xmin    30      304.1766 kcal/mol        3.3812 kcal/(mol*A)
xmin    40      298.6989 kcal/mol        1.8882 kcal/(mol*A)
xmin    50      298.1698 kcal/mol        0.3066 kcal/(mol*A)
xmin    60      297.2567 kcal/mol        0.7416 kcal/(mol*A)
xmin    70      297.0649 kcal/mol        0.1066 kcal/(mol*A)
xmin    80      296.9185 kcal/mol        0.2948 kcal/(mol*A)
xmin    90      296.7889 kcal/mol        0.3075 kcal/(mol*A)
xmin   100      296.6192 kcal/mol        0.2346 kcal/(mol*A)
xmin   110      296.5727 kcal/mol        0.1245 kcal/(mol*A)
xmin   120      296.5492 kcal/mol        0.1623 kcal/(mol*A)
xmin   130      296.5028 kcal/mol        0.2860 kcal/(mol*A)
xmin   140      296.4633 kcal/mol        0.1827 kcal/(mol*A)
xmin   150      296.4373 kcal/mol        0.2245 kcal/(mol*A)
xmin   160      296.4223 kcal/mol        0.1578 kcal/(mol*A)
xmin   170      296.4098 kcal/mol        0.0465 kcal/(mol*A)
xmin   180      296.3974 kcal/mol        0.0740 kcal/(mol*A)
xmin   190      296.3816 kcal/mol        0.0518 kcal/(mol*A)
xmin   200      296.3711 kcal/mol        0.0489 kcal/(mol*A)
xmin   210      296.3681 kcal/mol        0.0417 kcal/(mol*A)
xmin   220      296.3653 kcal/mol        0.0209 kcal/(mol*A)
xmin   230      296.3639 kcal/mol        0.0199 kcal/(mol*A)
xmin   240      296.3633 kcal/mol        0.0187 kcal/(mol*A)
xmin   250      296.3627 kcal/mol        0.0186 kcal/(mol*A)
xmin   260      296.3623 kcal/mol        0.0159 kcal/(mol*A)
xmin   270      296.3621 kcal/mol        0.0193 kcal/(mol*A)
xmin   280      296.3617 kcal/mol        0.0307 kcal/(mol*A)
xmin   290      296.3615 kcal/mol        0.0128 kcal/(mol*A)
xmin   300      296.3614 kcal/mol        0.0079 kcal/(mol*A)
xmin   310      296.3614 kcal/mol        0.0033 kcal/(mol*A)
xmin   320      296.3614 kcal/mol        0.0066 kcal/(mol*A)
xmin   330      296.3614 kcal/mol        0.0035 kcal/(mol*A)
xmin   340      296.3613 kcal/mol        0.0032 kcal/(mol*A)
xmin   350      296.3613 kcal/mol        0.0022 kcal/(mol*A)
xmin   360      296.3613 kcal/mol        0.0017 kcal/(mol*A)
  ... geometry converged !
 
 Final MO eigenvalues (eV):
 -40.8152  -40.1822  -38.0342  -37.4348  -37.3938  -35.9401  -35.4462  -34.0192
 -32.2421  -31.8007  -31.1767  -30.3471  -27.5622  -26.7885  -25.1874  -24.0907
 -23.9069  -21.0671  -20.3878  -19.0203  -18.8281  -17.8408  -17.7971  -17.6476
 -16.9923  -16.7468  -16.6776  -16.2970  -15.7493  -15.5232  -15.3680  -15.1284
 -14.9096  -14.8182  -14.2571  -13.9383  -13.6481  -13.5048  -13.4783  -13.1592
 -12.9846  -12.5852  -12.3788  -12.0205  -11.9100  -11.6086  -10.9482  -10.8014
 -10.5865  -10.2848  -10.0840   -9.9475   -9.3647   -8.9339   -7.5009   -1.8478
  -0.4666   -0.0437    0.4690    0.9122    0.9795    1.1072    1.2294    1.3575
   1.4168    2.0128    2.2758    2.8877    3.1072    3.1310    3.1787    3.3890
   3.5169    3.5849    3.6100    3.7199    3.8436    3.8720    4.0131    4.0287
   4.2311    4.3285    4.4820    4.5553    4.6361    4.6818    4.7613    4.8392
   4.9019    5.0675    5.2291    5.2963    5.3745    5.4568    5.5207    5.7121
   6.0024    6.0980    6.4554    6.6654    6.8386

 Heat of formation   =        296.36133064 kcal/mol  (       12.85119165 eV)

 Total SCF energy    =     -85633.61605990 kcal/mol  (    -3713.35224231 eV)
 Electronic energy   =    -540803.61940069 kcal/mol  (   -23451.00470061 eV)
 Core-core repulsion =     455170.00334079 kcal/mol  (    19737.65245830 eV)
 
    Atomic Charges for Step       1 :
  Atom    Element       Mulliken Charge
     1      N                 -0.316
     2      N                 -0.259
     3      N                 -0.015
     4      C                 -0.193
     5      C                  0.027
     6      C                 -0.275
     7      C                 -0.115
     8      C                 -0.065
     9      C                 -0.074
    10      C                 -0.020
    11      C                 -0.121
    12      C                 -0.014
    13      C                 -0.172
    14      C                 -0.000
    15      C                  0.066
    16      C                 -0.105
    17      C                 -0.121
    18      C                 -0.060
    19      C                 -0.119
    20      C                 -0.053
    21      Cl                -0.006
    22      Cl                -0.008
    23      H                  0.143
    24      H                  0.175
    25      H                  0.162
    26      H                  0.139
    27      H                  0.147
    28      H                  0.131
    29      H                  0.148
    30      H                  0.168
    31      H                  0.186
    32      H                  0.150
    33      H                  0.152
    34      H                  0.184
    35      H                  0.132
 Total Mulliken Charge =       0.000
 
                  X        Y        Z     TOTAL  
  QM DIPOLE     1.239    1.677   -0.228    2.098
 
 Final Structure

  QMMM: QM Region Cartesian Coordinates (*=link atom) 
  QMMM: QM_NO.   MM_NO.  ATOM         X         Y         Z
  QMMM:     1        1      N        3.5800   10.7389   25.1844
  QMMM:     2        2      N       -0.6850   13.6019   21.6649
  QMMM:     3        3      N       -1.2621   12.6790   22.4626
  QMMM:     4        4      C       -1.3444   10.5906   20.9738
  QMMM:     5        5      C        3.1099   12.0012   24.8363
  QMMM:     6        6      C        2.2691   12.7356   25.5330
  QMMM:     7        7      C        1.4816   13.4986   26.2271
  QMMM:     8        8      C        0.0048   13.6042   26.0600
  QMMM:     9        9      C       -0.6093   13.0580   24.9156
  QMMM:    10       10      C       -0.6626   12.3290   23.8085
  QMMM:    11       11      C       -0.5825   10.9638   23.4536
  QMMM:    12       12      C       -0.3936    9.8106   24.1649
  QMMM:    13       13      C       -0.1889    8.7997   24.7870
  QMMM:    14       14      C       -1.0844   11.2419   22.1000
  QMMM:    15       15      C        0.0446    7.6161   25.4978
  QMMM:    16       16      C       -0.3299    6.3791   24.9398
  QMMM:    17       17      C       -0.1097    5.1900   25.6241
  QMMM:    18       18      C        0.4906    5.2193   26.8879
  QMMM:    19       19      C        0.8715    6.4318   27.4663
  QMMM:    20       20      C        0.6502    7.6232   26.7705
  QMMM:    21       21      Cl       0.7599    3.7684   27.7288
  QMMM:    22       22      Cl       1.1288    9.0856   27.4961
  QMMM:    23       23      H        0.3199   13.5299   21.5814
  QMMM:    24       24      H       -0.9276   14.5225   22.0010
  QMMM:    25       25      H        1.3426    6.4510   28.4620
  QMMM:    26       26      H       -1.6758   11.1019   20.0610
  QMMM:    27       27      H        3.5670   12.4193   23.9141
  QMMM:    28       28      H        1.8850   14.1372   27.0357
  QMMM:    29       29      H       -0.2972   14.6972   26.1192
  QMMM:    30       30      H       -0.5021   13.1044   26.9489
  QMMM:    31       31      H        3.0665   10.2850   25.9106
  QMMM:    32       32      H       -0.8058    6.3614   23.9471
  QMMM:    33       33      H       -0.4088    4.2312   25.1735
  QMMM:    34       34      H        3.7272   10.1431   24.3976
  QMMM:    35       35      H       -1.2453    9.4993   20.9155

           --------- Calculation Completed ----------

