log started: Wed May 30 15:47:00 2018

Log file: ./leap.log
>> #
>> # ----- leaprc for loading the ff14SB force field
>> # ----- NOTE: this is designed for PDB format 3!
>> #
>> #	load atom type hybridizations
>> #
>> addAtomTypes {
>> 	{ "H"   "H" "sp3" }
>> 	{ "HO"  "H" "sp3" }
>> 	{ "HS"  "H" "sp3" }
>> 	{ "H1"  "H" "sp3" }
>> 	{ "H2"  "H" "sp3" }
>> 	{ "H3"  "H" "sp3" }
>> 	{ "H4"  "H" "sp3" }
>> 	{ "H5"  "H" "sp3" }
>> 	{ "HW"  "H" "sp3" }
>> 	{ "HC"  "H" "sp3" }
>> 	{ "HA"  "H" "sp3" }
>> 	{ "HP"  "H" "sp3" }
>> 	{ "HZ"  "H" "sp3" }
>> 	{ "OH"  "O" "sp3" }
>> 	{ "OS"  "O" "sp3" }
>> 	{ "O"   "O" "sp2" }
>> 	{ "O2"  "O" "sp2" }
>> 	{ "OP"  "O" "sp2" }
>> 	{ "OW"  "O" "sp3" }
>> 	{ "CT"  "C" "sp3" }
>> 	{ "CX"  "C" "sp3" }
>> 	{ "C8"  "C" "sp3" }
>> 	{ "2C"  "C" "sp3" }
>> 	{ "3C"  "C" "sp3" }
>> 	{ "CH"  "C" "sp3" }
>> 	{ "CS"  "C" "sp2" }
>> 	{ "C"   "C" "sp2" }
>> 	{ "CO"   "C" "sp2" }
>> 	{ "C*"  "C" "sp2" }
>> 	{ "CA"  "C" "sp2" }
>> 	{ "CB"  "C" "sp2" }
>> 	{ "CC"  "C" "sp2" }
>> 	{ "CN"  "C" "sp2" }
>> 	{ "CM"  "C" "sp2" }
>> 	{ "CK"  "C" "sp2" }
>> 	{ "CQ"  "C" "sp2" }
>> 	{ "CD"  "C" "sp2" }
>> 	{ "C5"  "C" "sp2" }
>> 	{ "C4"  "C" "sp2" }
>> 	{ "CP"  "C" "sp2" }
>> 	{ "CI"  "C" "sp3" }
>> 	{ "CJ"  "C" "sp2" }
>> 	{ "CW"  "C" "sp2" }
>> 	{ "CV"  "C" "sp2" }
>> 	{ "CR"  "C" "sp2" }
>> 	{ "CA"  "C" "sp2" }
>> 	{ "CY"  "C" "sp2" }
>> 	{ "C0"  "Ca" "sp3" }
>> 	{ "MG"  "Mg" "sp3" }
>> 	{ "N"   "N" "sp2" }
>> 	{ "NA"  "N" "sp2" }
>> 	{ "N2"  "N" "sp2" }
>> 	{ "N*"  "N" "sp2" }
>> 	{ "NP"  "N" "sp2" }
>> 	{ "NQ"  "N" "sp2" }
>> 	{ "NB"  "N" "sp2" }
>> 	{ "NC"  "N" "sp2" }
>> 	{ "NT"  "N" "sp3" }
>> 	{ "NY"  "N" "sp2" }
>> 	{ "N3"  "N" "sp3" }
>> 	{ "S"   "S" "sp3" }
>> 	{ "SH"  "S" "sp3" }
>> 	{ "P"   "P" "sp3" }
>> 	{ "LP"  ""  "sp3" }
>> 	{ "EP"  ""  "sp3" }
>> 	{ "F"   "F" "sp3" }
>> 	{ "Cl"  "Cl" "sp3" }
>> 	{ "Br"  "Br" "sp3" }
>> 	{ "I"   "I"  "sp3" }
>> }
>> #
>> #	Load the main parameter set.
>> #
>> parm10 = loadamberparams parm10.dat
Loading parameters: /home/julien/sire.app/dat/leap/parm/parm10.dat
Reading title:
PARM99 + frcmod.ff99SB + frcmod.parmbsc0 + OL3 for RNA
(UNKNOWN ATOM TYPE: Zn)
(UNKNOWN ATOM TYPE: EP)
>> frcmod14SB = loadamberparams frcmod.ff14SB
Loading parameters: /home/julien/sire.app/dat/leap/parm/frcmod.ff14SB
Reading force field modification type file (frcmod)
Reading title:
ff14SB protein backbone and sidechain parameters
>> #
>> #	Load main chain and terminating amino acid libraries
>> #
>> loadOff amino12.lib
Loading library: /home/julien/sire.app/dat/leap/lib/amino12.lib
Loading: ALA
Loading: ARG
Loading: ASH
Loading: ASN
Loading: ASP
Loading: CYM
Loading: CYS
Loading: CYX
Loading: GLH
Loading: GLN
Loading: GLU
Loading: GLY
Loading: HID
Loading: HIE
Loading: HIP
Loading: HYP
Loading: ILE
Loading: LEU
Loading: LYN
Loading: LYS
Loading: MET
Loading: PHE
Loading: PRO
Loading: SER
Loading: THR
Loading: TRP
Loading: TYR
Loading: VAL
>> loadOff aminoct12.lib
Loading library: /home/julien/sire.app/dat/leap/lib/aminoct12.lib
Loading: CALA
Loading: CARG
Loading: CASN
Loading: CASP
Loading: CCYS
Loading: CCYX
Loading: CGLN
Loading: CGLU
Loading: CGLY
Loading: CHID
Loading: CHIE
Loading: CHIP
Loading: CHYP
Loading: CILE
Loading: CLEU
Loading: CLYS
Loading: CMET
Loading: CPHE
Loading: CPRO
Loading: CSER
Loading: CTHR
Loading: CTRP
Loading: CTYR
Loading: CVAL
Loading: NHE
Loading: NME
>> loadOff aminont12.lib
Loading library: /home/julien/sire.app/dat/leap/lib/aminont12.lib
Loading: ACE
Loading: NALA
Loading: NARG
Loading: NASN
Loading: NASP
Loading: NCYS
Loading: NCYX
Loading: NGLN
Loading: NGLU
Loading: NGLY
Loading: NHID
Loading: NHIE
Loading: NHIP
Loading: NILE
Loading: NLEU
Loading: NLYS
Loading: NMET
Loading: NPHE
Loading: NPRO
Loading: NSER
Loading: NTHR
Loading: NTRP
Loading: NTYR
Loading: NVAL
>> 
>> #
>> #	Define the PDB name map for the amino acids
>> #
>> addPdbResMap {
>>   { 0 "HYP" "HYP" } { 1 "HYP" "CHYP" }
>>   { 0 "ALA" "NALA" } { 1 "ALA" "CALA" }
>>   { 0 "ARG" "NARG" } { 1 "ARG" "CARG" }
>>   { 0 "ASN" "NASN" } { 1 "ASN" "CASN" }
>>   { 0 "ASP" "NASP" } { 1 "ASP" "CASP" }
>>   { 0 "CYS" "NCYS" } { 1 "CYS" "CCYS" }
>>   { 0 "CYX" "NCYX" } { 1 "CYX" "CCYX" }
>>   { 0 "GLN" "NGLN" } { 1 "GLN" "CGLN" }
>>   { 0 "GLU" "NGLU" } { 1 "GLU" "CGLU" }
>>   { 0 "GLY" "NGLY" } { 1 "GLY" "CGLY" }
>>   { 0 "HID" "NHID" } { 1 "HID" "CHID" }
>>   { 0 "HIE" "NHIE" } { 1 "HIE" "CHIE" }
>>   { 0 "HIP" "NHIP" } { 1 "HIP" "CHIP" }
>>   { 0 "ILE" "NILE" } { 1 "ILE" "CILE" }
>>   { 0 "LEU" "NLEU" } { 1 "LEU" "CLEU" }
>>   { 0 "LYS" "NLYS" } { 1 "LYS" "CLYS" }
>>   { 0 "MET" "NMET" } { 1 "MET" "CMET" }
>>   { 0 "PHE" "NPHE" } { 1 "PHE" "CPHE" }
>>   { 0 "PRO" "NPRO" } { 1 "PRO" "CPRO" }
>>   { 0 "SER" "NSER" } { 1 "SER" "CSER" }
>>   { 0 "THR" "NTHR" } { 1 "THR" "CTHR" }
>>   { 0 "TRP" "NTRP" } { 1 "TRP" "CTRP" }
>>   { 0 "TYR" "NTYR" } { 1 "TYR" "CTYR" }
>>   { 0 "VAL" "NVAL" } { 1 "VAL" "CVAL" }
>>   { 0 "HIS" "NHIS" } { 1 "HIS" "CHIS" }
>> }
>> 
>> #
>> # assume that most often proteins use HIE
>> #
>> NHIS = NHIE
>> HIS = HIE
>> CHIS = CHIE
> 
> hsp90 = loadPdb "1z1m-clean.pdb"
Loading PDB file: ./1z1m-clean.pdb
Enter zPdbReadScan from call depth  0.
Exit  zPdbReadScan from call depth  0.
Matching PDB residue names to LEaP variables.
Mapped residue MET, term: Terminal/beginning, seq. number: 0 to: NMET.
(Residue 1: CYS, Nonterminal, was not found in name map.)
(Residue 2: ASN, Nonterminal, was not found in name map.)
(Residue 3: THR, Nonterminal, was not found in name map.)
(Residue 4: ASN, Nonterminal, was not found in name map.)
(Residue 5: MET, Nonterminal, was not found in name map.)
(Residue 6: SER, Nonterminal, was not found in name map.)
(Residue 7: VAL, Nonterminal, was not found in name map.)
(Residue 8: PRO, Nonterminal, was not found in name map.)
(Residue 9: THR, Nonterminal, was not found in name map.)
(Residue 10: ASP, Nonterminal, was not found in name map.)
(Residue 11: GLY, Nonterminal, was not found in name map.)
(Residue 12: ALA, Nonterminal, was not found in name map.)
(Residue 13: VAL, Nonterminal, was not found in name map.)
(Residue 14: THR, Nonterminal, was not found in name map.)
(Residue 15: THR, Nonterminal, was not found in name map.)
(Residue 16: SER, Nonterminal, was not found in name map.)
(Residue 17: GLN, Nonterminal, was not found in name map.)
(Residue 18: ILE, Nonterminal, was not found in name map.)
(Residue 19: PRO, Nonterminal, was not found in name map.)
(Residue 20: ALA, Nonterminal, was not found in name map.)
(Residue 21: SER, Nonterminal, was not found in name map.)
(Residue 22: GLU, Nonterminal, was not found in name map.)
(Residue 23: GLN, Nonterminal, was not found in name map.)
(Residue 24: GLU, Nonterminal, was not found in name map.)
(Residue 25: THR, Nonterminal, was not found in name map.)
(Residue 26: LEU, Nonterminal, was not found in name map.)
(Residue 27: VAL, Nonterminal, was not found in name map.)
(Residue 28: ARG, Nonterminal, was not found in name map.)
(Residue 29: PRO, Nonterminal, was not found in name map.)
(Residue 30: LYS, Nonterminal, was not found in name map.)
(Residue 31: PRO, Nonterminal, was not found in name map.)
(Residue 32: LEU, Nonterminal, was not found in name map.)
(Residue 33: LEU, Nonterminal, was not found in name map.)
(Residue 34: LEU, Nonterminal, was not found in name map.)
(Residue 35: LYS, Nonterminal, was not found in name map.)
(Residue 36: LEU, Nonterminal, was not found in name map.)
(Residue 37: LEU, Nonterminal, was not found in name map.)
(Residue 38: LYS, Nonterminal, was not found in name map.)
(Residue 39: SER, Nonterminal, was not found in name map.)
(Residue 40: VAL, Nonterminal, was not found in name map.)
(Residue 41: GLY, Nonterminal, was not found in name map.)
(Residue 42: ALA, Nonterminal, was not found in name map.)
(Residue 43: GLN, Nonterminal, was not found in name map.)
(Residue 44: LYS, Nonterminal, was not found in name map.)
(Residue 45: ASP, Nonterminal, was not found in name map.)
(Residue 46: THR, Nonterminal, was not found in name map.)
(Residue 47: TYR, Nonterminal, was not found in name map.)
(Residue 48: THR, Nonterminal, was not found in name map.)
(Residue 49: MET, Nonterminal, was not found in name map.)
(Residue 50: LYS, Nonterminal, was not found in name map.)
(Residue 51: GLU, Nonterminal, was not found in name map.)
(Residue 52: VAL, Nonterminal, was not found in name map.)
(Residue 53: LEU, Nonterminal, was not found in name map.)
(Residue 54: PHE, Nonterminal, was not found in name map.)
(Residue 55: TYR, Nonterminal, was not found in name map.)
(Residue 56: LEU, Nonterminal, was not found in name map.)
(Residue 57: GLY, Nonterminal, was not found in name map.)
(Residue 58: GLN, Nonterminal, was not found in name map.)
(Residue 59: TYR, Nonterminal, was not found in name map.)
(Residue 60: ILE, Nonterminal, was not found in name map.)
(Residue 61: MET, Nonterminal, was not found in name map.)
(Residue 62: THR, Nonterminal, was not found in name map.)
(Residue 63: LYS, Nonterminal, was not found in name map.)
(Residue 64: ARG, Nonterminal, was not found in name map.)
(Residue 65: LEU, Nonterminal, was not found in name map.)
(Residue 66: TYR, Nonterminal, was not found in name map.)
(Residue 67: ASP, Nonterminal, was not found in name map.)
(Residue 68: GLU, Nonterminal, was not found in name map.)
(Residue 69: LYS, Nonterminal, was not found in name map.)
(Residue 70: GLN, Nonterminal, was not found in name map.)
(Residue 71: GLN, Nonterminal, was not found in name map.)
(Residue 72: HIP, Nonterminal, was not found in name map.)
(Residue 73: ILE, Nonterminal, was not found in name map.)
(Residue 74: VAL, Nonterminal, was not found in name map.)
(Residue 75: TYR, Nonterminal, was not found in name map.)
(Residue 76: CYS, Nonterminal, was not found in name map.)
(Residue 77: SER, Nonterminal, was not found in name map.)
(Residue 78: ASN, Nonterminal, was not found in name map.)
(Residue 79: ASP, Nonterminal, was not found in name map.)
(Residue 80: LEU, Nonterminal, was not found in name map.)
(Residue 81: LEU, Nonterminal, was not found in name map.)
(Residue 82: GLY, Nonterminal, was not found in name map.)
(Residue 83: ASP, Nonterminal, was not found in name map.)
(Residue 84: LEU, Nonterminal, was not found in name map.)
(Residue 85: PHE, Nonterminal, was not found in name map.)
(Residue 86: GLY, Nonterminal, was not found in name map.)
(Residue 87: VAL, Nonterminal, was not found in name map.)
(Residue 88: PRO, Nonterminal, was not found in name map.)
(Residue 89: SER, Nonterminal, was not found in name map.)
(Residue 90: PHE, Nonterminal, was not found in name map.)
(Residue 91: SER, Nonterminal, was not found in name map.)
(Residue 92: VAL, Nonterminal, was not found in name map.)
(Residue 93: LYS, Nonterminal, was not found in name map.)
(Residue 94: GLU, Nonterminal, was not found in name map.)
(Residue 95: HIP, Nonterminal, was not found in name map.)
(Residue 96: ARG, Nonterminal, was not found in name map.)
(Residue 97: LYS, Nonterminal, was not found in name map.)
(Residue 98: ILE, Nonterminal, was not found in name map.)
(Residue 99: TYR, Nonterminal, was not found in name map.)
(Residue 100: THR, Nonterminal, was not found in name map.)
(Residue 101: MET, Nonterminal, was not found in name map.)
(Residue 102: ILE, Nonterminal, was not found in name map.)
(Residue 103: TYR, Nonterminal, was not found in name map.)
(Residue 104: ARG, Nonterminal, was not found in name map.)
(Residue 105: ASN, Nonterminal, was not found in name map.)
(Residue 106: LEU, Nonterminal, was not found in name map.)
(Residue 107: VAL, Nonterminal, was not found in name map.)
(Residue 108: VAL, Nonterminal, was not found in name map.)
(Residue 109: VAL, Nonterminal, was not found in name map.)
(Residue 110: ASN, Nonterminal, was not found in name map.)
(Residue 111: GLN, Nonterminal, was not found in name map.)
(Residue 112: GLN, Nonterminal, was not found in name map.)
(Residue 113: GLU, Nonterminal, was not found in name map.)
(Residue 114: SER, Nonterminal, was not found in name map.)
(Residue 115: SER, Nonterminal, was not found in name map.)
(Residue 116: ASP, Nonterminal, was not found in name map.)
(Residue 117: SER, Nonterminal, was not found in name map.)
Mapped residue SER, term: Terminal/last, seq. number: 118 to: CSER.
Joining NMET - CYS
Joining CYS - ASN
Joining ASN - THR
Joining THR - ASN
Joining ASN - MET
Joining MET - SER
Joining SER - VAL
Joining VAL - PRO
Joining PRO - THR
Joining THR - ASP
Joining ASP - GLY
Joining GLY - ALA
Joining ALA - VAL
Joining VAL - THR
Joining THR - THR
Joining THR - SER
Joining SER - GLN
Joining GLN - ILE
Joining ILE - PRO
Joining PRO - ALA
Joining ALA - SER
Joining SER - GLU
Joining GLU - GLN
Joining GLN - GLU
Joining GLU - THR
Joining THR - LEU
Joining LEU - VAL
Joining VAL - ARG
Joining ARG - PRO
Joining PRO - LYS
Joining LYS - PRO
Joining PRO - LEU
Joining LEU - LEU
Joining LEU - LEU
Joining LEU - LYS
Joining LYS - LEU
Joining LEU - LEU
Joining LEU - LYS
Joining LYS - SER
Joining SER - VAL
Joining VAL - GLY
Joining GLY - ALA
Joining ALA - GLN
Joining GLN - LYS
Joining LYS - ASP
Joining ASP - THR
Joining THR - TYR
Joining TYR - THR
Joining THR - MET
Joining MET - LYS
Joining LYS - GLU
Joining GLU - VAL
Joining VAL - LEU
Joining LEU - PHE
Joining PHE - TYR
Joining TYR - LEU
Joining LEU - GLY
Joining GLY - GLN
Joining GLN - TYR
Joining TYR - ILE
Joining ILE - MET
Joining MET - THR
Joining THR - LYS
Joining LYS - ARG
Joining ARG - LEU
Joining LEU - TYR
Joining TYR - ASP
Joining ASP - GLU
Joining GLU - LYS
Joining LYS - GLN
Joining GLN - GLN
Joining GLN - HIP
Joining HIP - ILE
Joining ILE - VAL
Joining VAL - TYR
Joining TYR - CYS
Joining CYS - SER
Joining SER - ASN
Joining ASN - ASP
Joining ASP - LEU
Joining LEU - LEU
Joining LEU - GLY
Joining GLY - ASP
Joining ASP - LEU
Joining LEU - PHE
Joining PHE - GLY
Joining GLY - VAL
Joining VAL - PRO
Joining PRO - SER
Joining SER - PHE
Joining PHE - SER
Joining SER - VAL
Joining VAL - LYS
Joining LYS - GLU
Joining GLU - HIP
Joining HIP - ARG
Joining ARG - LYS
Joining LYS - ILE
Joining ILE - TYR
Joining TYR - THR
Joining THR - MET
Joining MET - ILE
Joining ILE - TYR
Joining TYR - ARG
Joining ARG - ASN
Joining ASN - LEU
Joining LEU - VAL
Joining VAL - VAL
Joining VAL - VAL
Joining VAL - ASN
Joining ASN - GLN
Joining GLN - GLN
Joining GLN - GLU
Joining GLU - SER
Joining SER - SER
Joining SER - ASP
Joining ASP - SER
Joining SER - CSER
  total atoms in file: 1915
> saveAmberParm mdm2 mdm2.top mdm2.crd
saveAmberParm: Argument #1 is type String must be of type: [unit]
usage:  saveAmberParm <unit> <topologyfile> <coordfile> 
> quit
	Quit
log started: Wed May 30 15:47:45 2018

Log file: ./leap.log
>> #
>> # ----- leaprc for loading the ff14SB force field
>> # ----- NOTE: this is designed for PDB format 3!
>> #
>> #	load atom type hybridizations
>> #
>> addAtomTypes {
>> 	{ "H"   "H" "sp3" }
>> 	{ "HO"  "H" "sp3" }
>> 	{ "HS"  "H" "sp3" }
>> 	{ "H1"  "H" "sp3" }
>> 	{ "H2"  "H" "sp3" }
>> 	{ "H3"  "H" "sp3" }
>> 	{ "H4"  "H" "sp3" }
>> 	{ "H5"  "H" "sp3" }
>> 	{ "HW"  "H" "sp3" }
>> 	{ "HC"  "H" "sp3" }
>> 	{ "HA"  "H" "sp3" }
>> 	{ "HP"  "H" "sp3" }
>> 	{ "HZ"  "H" "sp3" }
>> 	{ "OH"  "O" "sp3" }
>> 	{ "OS"  "O" "sp3" }
>> 	{ "O"   "O" "sp2" }
>> 	{ "O2"  "O" "sp2" }
>> 	{ "OP"  "O" "sp2" }
>> 	{ "OW"  "O" "sp3" }
>> 	{ "CT"  "C" "sp3" }
>> 	{ "CX"  "C" "sp3" }
>> 	{ "C8"  "C" "sp3" }
>> 	{ "2C"  "C" "sp3" }
>> 	{ "3C"  "C" "sp3" }
>> 	{ "CH"  "C" "sp3" }
>> 	{ "CS"  "C" "sp2" }
>> 	{ "C"   "C" "sp2" }
>> 	{ "CO"   "C" "sp2" }
>> 	{ "C*"  "C" "sp2" }
>> 	{ "CA"  "C" "sp2" }
>> 	{ "CB"  "C" "sp2" }
>> 	{ "CC"  "C" "sp2" }
>> 	{ "CN"  "C" "sp2" }
>> 	{ "CM"  "C" "sp2" }
>> 	{ "CK"  "C" "sp2" }
>> 	{ "CQ"  "C" "sp2" }
>> 	{ "CD"  "C" "sp2" }
>> 	{ "C5"  "C" "sp2" }
>> 	{ "C4"  "C" "sp2" }
>> 	{ "CP"  "C" "sp2" }
>> 	{ "CI"  "C" "sp3" }
>> 	{ "CJ"  "C" "sp2" }
>> 	{ "CW"  "C" "sp2" }
>> 	{ "CV"  "C" "sp2" }
>> 	{ "CR"  "C" "sp2" }
>> 	{ "CA"  "C" "sp2" }
>> 	{ "CY"  "C" "sp2" }
>> 	{ "C0"  "Ca" "sp3" }
>> 	{ "MG"  "Mg" "sp3" }
>> 	{ "N"   "N" "sp2" }
>> 	{ "NA"  "N" "sp2" }
>> 	{ "N2"  "N" "sp2" }
>> 	{ "N*"  "N" "sp2" }
>> 	{ "NP"  "N" "sp2" }
>> 	{ "NQ"  "N" "sp2" }
>> 	{ "NB"  "N" "sp2" }
>> 	{ "NC"  "N" "sp2" }
>> 	{ "NT"  "N" "sp3" }
>> 	{ "NY"  "N" "sp2" }
>> 	{ "N3"  "N" "sp3" }
>> 	{ "S"   "S" "sp3" }
>> 	{ "SH"  "S" "sp3" }
>> 	{ "P"   "P" "sp3" }
>> 	{ "LP"  ""  "sp3" }
>> 	{ "EP"  ""  "sp3" }
>> 	{ "F"   "F" "sp3" }
>> 	{ "Cl"  "Cl" "sp3" }
>> 	{ "Br"  "Br" "sp3" }
>> 	{ "I"   "I"  "sp3" }
>> }
>> #
>> #	Load the main parameter set.
>> #
>> parm10 = loadamberparams parm10.dat
Loading parameters: /home/julien/sire.app/dat/leap/parm/parm10.dat
Reading title:
PARM99 + frcmod.ff99SB + frcmod.parmbsc0 + OL3 for RNA
(UNKNOWN ATOM TYPE: Zn)
(UNKNOWN ATOM TYPE: EP)
>> frcmod14SB = loadamberparams frcmod.ff14SB
Loading parameters: /home/julien/sire.app/dat/leap/parm/frcmod.ff14SB
Reading force field modification type file (frcmod)
Reading title:
ff14SB protein backbone and sidechain parameters
>> #
>> #	Load main chain and terminating amino acid libraries
>> #
>> loadOff amino12.lib
Loading library: /home/julien/sire.app/dat/leap/lib/amino12.lib
Loading: ALA
Loading: ARG
Loading: ASH
Loading: ASN
Loading: ASP
Loading: CYM
Loading: CYS
Loading: CYX
Loading: GLH
Loading: GLN
Loading: GLU
Loading: GLY
Loading: HID
Loading: HIE
Loading: HIP
Loading: HYP
Loading: ILE
Loading: LEU
Loading: LYN
Loading: LYS
Loading: MET
Loading: PHE
Loading: PRO
Loading: SER
Loading: THR
Loading: TRP
Loading: TYR
Loading: VAL
>> loadOff aminoct12.lib
Loading library: /home/julien/sire.app/dat/leap/lib/aminoct12.lib
Loading: CALA
Loading: CARG
Loading: CASN
Loading: CASP
Loading: CCYS
Loading: CCYX
Loading: CGLN
Loading: CGLU
Loading: CGLY
Loading: CHID
Loading: CHIE
Loading: CHIP
Loading: CHYP
Loading: CILE
Loading: CLEU
Loading: CLYS
Loading: CMET
Loading: CPHE
Loading: CPRO
Loading: CSER
Loading: CTHR
Loading: CTRP
Loading: CTYR
Loading: CVAL
Loading: NHE
Loading: NME
>> loadOff aminont12.lib
Loading library: /home/julien/sire.app/dat/leap/lib/aminont12.lib
Loading: ACE
Loading: NALA
Loading: NARG
Loading: NASN
Loading: NASP
Loading: NCYS
Loading: NCYX
Loading: NGLN
Loading: NGLU
Loading: NGLY
Loading: NHID
Loading: NHIE
Loading: NHIP
Loading: NILE
Loading: NLEU
Loading: NLYS
Loading: NMET
Loading: NPHE
Loading: NPRO
Loading: NSER
Loading: NTHR
Loading: NTRP
Loading: NTYR
Loading: NVAL
>> 
>> #
>> #	Define the PDB name map for the amino acids
>> #
>> addPdbResMap {
>>   { 0 "HYP" "HYP" } { 1 "HYP" "CHYP" }
>>   { 0 "ALA" "NALA" } { 1 "ALA" "CALA" }
>>   { 0 "ARG" "NARG" } { 1 "ARG" "CARG" }
>>   { 0 "ASN" "NASN" } { 1 "ASN" "CASN" }
>>   { 0 "ASP" "NASP" } { 1 "ASP" "CASP" }
>>   { 0 "CYS" "NCYS" } { 1 "CYS" "CCYS" }
>>   { 0 "CYX" "NCYX" } { 1 "CYX" "CCYX" }
>>   { 0 "GLN" "NGLN" } { 1 "GLN" "CGLN" }
>>   { 0 "GLU" "NGLU" } { 1 "GLU" "CGLU" }
>>   { 0 "GLY" "NGLY" } { 1 "GLY" "CGLY" }
>>   { 0 "HID" "NHID" } { 1 "HID" "CHID" }
>>   { 0 "HIE" "NHIE" } { 1 "HIE" "CHIE" }
>>   { 0 "HIP" "NHIP" } { 1 "HIP" "CHIP" }
>>   { 0 "ILE" "NILE" } { 1 "ILE" "CILE" }
>>   { 0 "LEU" "NLEU" } { 1 "LEU" "CLEU" }
>>   { 0 "LYS" "NLYS" } { 1 "LYS" "CLYS" }
>>   { 0 "MET" "NMET" } { 1 "MET" "CMET" }
>>   { 0 "PHE" "NPHE" } { 1 "PHE" "CPHE" }
>>   { 0 "PRO" "NPRO" } { 1 "PRO" "CPRO" }
>>   { 0 "SER" "NSER" } { 1 "SER" "CSER" }
>>   { 0 "THR" "NTHR" } { 1 "THR" "CTHR" }
>>   { 0 "TRP" "NTRP" } { 1 "TRP" "CTRP" }
>>   { 0 "TYR" "NTYR" } { 1 "TYR" "CTYR" }
>>   { 0 "VAL" "NVAL" } { 1 "VAL" "CVAL" }
>>   { 0 "HIS" "NHIS" } { 1 "HIS" "CHIS" }
>> }
>> 
>> #
>> # assume that most often proteins use HIE
>> #
>> NHIS = NHIE
>> HIS = HIE
>> CHIS = CHIE
> 
> mdm2 = loadPdb "1z1m-clean.pdb"
Loading PDB file: ./1z1m-clean.pdb
Enter zPdbReadScan from call depth  0.
Exit  zPdbReadScan from call depth  0.
Matching PDB residue names to LEaP variables.
Mapped residue MET, term: Terminal/beginning, seq. number: 0 to: NMET.
(Residue 1: CYS, Nonterminal, was not found in name map.)
(Residue 2: ASN, Nonterminal, was not found in name map.)
(Residue 3: THR, Nonterminal, was not found in name map.)
(Residue 4: ASN, Nonterminal, was not found in name map.)
(Residue 5: MET, Nonterminal, was not found in name map.)
(Residue 6: SER, Nonterminal, was not found in name map.)
(Residue 7: VAL, Nonterminal, was not found in name map.)
(Residue 8: PRO, Nonterminal, was not found in name map.)
(Residue 9: THR, Nonterminal, was not found in name map.)
(Residue 10: ASP, Nonterminal, was not found in name map.)
(Residue 11: GLY, Nonterminal, was not found in name map.)
(Residue 12: ALA, Nonterminal, was not found in name map.)
(Residue 13: VAL, Nonterminal, was not found in name map.)
(Residue 14: THR, Nonterminal, was not found in name map.)
(Residue 15: THR, Nonterminal, was not found in name map.)
(Residue 16: SER, Nonterminal, was not found in name map.)
(Residue 17: GLN, Nonterminal, was not found in name map.)
(Residue 18: ILE, Nonterminal, was not found in name map.)
(Residue 19: PRO, Nonterminal, was not found in name map.)
(Residue 20: ALA, Nonterminal, was not found in name map.)
(Residue 21: SER, Nonterminal, was not found in name map.)
(Residue 22: GLU, Nonterminal, was not found in name map.)
(Residue 23: GLN, Nonterminal, was not found in name map.)
(Residue 24: GLU, Nonterminal, was not found in name map.)
(Residue 25: THR, Nonterminal, was not found in name map.)
(Residue 26: LEU, Nonterminal, was not found in name map.)
(Residue 27: VAL, Nonterminal, was not found in name map.)
(Residue 28: ARG, Nonterminal, was not found in name map.)
(Residue 29: PRO, Nonterminal, was not found in name map.)
(Residue 30: LYS, Nonterminal, was not found in name map.)
(Residue 31: PRO, Nonterminal, was not found in name map.)
(Residue 32: LEU, Nonterminal, was not found in name map.)
(Residue 33: LEU, Nonterminal, was not found in name map.)
(Residue 34: LEU, Nonterminal, was not found in name map.)
(Residue 35: LYS, Nonterminal, was not found in name map.)
(Residue 36: LEU, Nonterminal, was not found in name map.)
(Residue 37: LEU, Nonterminal, was not found in name map.)
(Residue 38: LYS, Nonterminal, was not found in name map.)
(Residue 39: SER, Nonterminal, was not found in name map.)
(Residue 40: VAL, Nonterminal, was not found in name map.)
(Residue 41: GLY, Nonterminal, was not found in name map.)
(Residue 42: ALA, Nonterminal, was not found in name map.)
(Residue 43: GLN, Nonterminal, was not found in name map.)
(Residue 44: LYS, Nonterminal, was not found in name map.)
(Residue 45: ASP, Nonterminal, was not found in name map.)
(Residue 46: THR, Nonterminal, was not found in name map.)
(Residue 47: TYR, Nonterminal, was not found in name map.)
(Residue 48: THR, Nonterminal, was not found in name map.)
(Residue 49: MET, Nonterminal, was not found in name map.)
(Residue 50: LYS, Nonterminal, was not found in name map.)
(Residue 51: GLU, Nonterminal, was not found in name map.)
(Residue 52: VAL, Nonterminal, was not found in name map.)
(Residue 53: LEU, Nonterminal, was not found in name map.)
(Residue 54: PHE, Nonterminal, was not found in name map.)
(Residue 55: TYR, Nonterminal, was not found in name map.)
(Residue 56: LEU, Nonterminal, was not found in name map.)
(Residue 57: GLY, Nonterminal, was not found in name map.)
(Residue 58: GLN, Nonterminal, was not found in name map.)
(Residue 59: TYR, Nonterminal, was not found in name map.)
(Residue 60: ILE, Nonterminal, was not found in name map.)
(Residue 61: MET, Nonterminal, was not found in name map.)
(Residue 62: THR, Nonterminal, was not found in name map.)
(Residue 63: LYS, Nonterminal, was not found in name map.)
(Residue 64: ARG, Nonterminal, was not found in name map.)
(Residue 65: LEU, Nonterminal, was not found in name map.)
(Residue 66: TYR, Nonterminal, was not found in name map.)
(Residue 67: ASP, Nonterminal, was not found in name map.)
(Residue 68: GLU, Nonterminal, was not found in name map.)
(Residue 69: LYS, Nonterminal, was not found in name map.)
(Residue 70: GLN, Nonterminal, was not found in name map.)
(Residue 71: GLN, Nonterminal, was not found in name map.)
(Residue 72: HIP, Nonterminal, was not found in name map.)
(Residue 73: ILE, Nonterminal, was not found in name map.)
(Residue 74: VAL, Nonterminal, was not found in name map.)
(Residue 75: TYR, Nonterminal, was not found in name map.)
(Residue 76: CYS, Nonterminal, was not found in name map.)
(Residue 77: SER, Nonterminal, was not found in name map.)
(Residue 78: ASN, Nonterminal, was not found in name map.)
(Residue 79: ASP, Nonterminal, was not found in name map.)
(Residue 80: LEU, Nonterminal, was not found in name map.)
(Residue 81: LEU, Nonterminal, was not found in name map.)
(Residue 82: GLY, Nonterminal, was not found in name map.)
(Residue 83: ASP, Nonterminal, was not found in name map.)
(Residue 84: LEU, Nonterminal, was not found in name map.)
(Residue 85: PHE, Nonterminal, was not found in name map.)
(Residue 86: GLY, Nonterminal, was not found in name map.)
(Residue 87: VAL, Nonterminal, was not found in name map.)
(Residue 88: PRO, Nonterminal, was not found in name map.)
(Residue 89: SER, Nonterminal, was not found in name map.)
(Residue 90: PHE, Nonterminal, was not found in name map.)
(Residue 91: SER, Nonterminal, was not found in name map.)
(Residue 92: VAL, Nonterminal, was not found in name map.)
(Residue 93: LYS, Nonterminal, was not found in name map.)
(Residue 94: GLU, Nonterminal, was not found in name map.)
(Residue 95: HIP, Nonterminal, was not found in name map.)
(Residue 96: ARG, Nonterminal, was not found in name map.)
(Residue 97: LYS, Nonterminal, was not found in name map.)
(Residue 98: ILE, Nonterminal, was not found in name map.)
(Residue 99: TYR, Nonterminal, was not found in name map.)
(Residue 100: THR, Nonterminal, was not found in name map.)
(Residue 101: MET, Nonterminal, was not found in name map.)
(Residue 102: ILE, Nonterminal, was not found in name map.)
(Residue 103: TYR, Nonterminal, was not found in name map.)
(Residue 104: ARG, Nonterminal, was not found in name map.)
(Residue 105: ASN, Nonterminal, was not found in name map.)
(Residue 106: LEU, Nonterminal, was not found in name map.)
(Residue 107: VAL, Nonterminal, was not found in name map.)
(Residue 108: VAL, Nonterminal, was not found in name map.)
(Residue 109: VAL, Nonterminal, was not found in name map.)
(Residue 110: ASN, Nonterminal, was not found in name map.)
(Residue 111: GLN, Nonterminal, was not found in name map.)
(Residue 112: GLN, Nonterminal, was not found in name map.)
(Residue 113: GLU, Nonterminal, was not found in name map.)
(Residue 114: SER, Nonterminal, was not found in name map.)
(Residue 115: SER, Nonterminal, was not found in name map.)
(Residue 116: ASP, Nonterminal, was not found in name map.)
(Residue 117: SER, Nonterminal, was not found in name map.)
Mapped residue SER, term: Terminal/last, seq. number: 118 to: CSER.
Joining NMET - CYS
Joining CYS - ASN
Joining ASN - THR
Joining THR - ASN
Joining ASN - MET
Joining MET - SER
Joining SER - VAL
Joining VAL - PRO
Joining PRO - THR
Joining THR - ASP
Joining ASP - GLY
Joining GLY - ALA
Joining ALA - VAL
Joining VAL - THR
Joining THR - THR
Joining THR - SER
Joining SER - GLN
Joining GLN - ILE
Joining ILE - PRO
Joining PRO - ALA
Joining ALA - SER
Joining SER - GLU
Joining GLU - GLN
Joining GLN - GLU
Joining GLU - THR
Joining THR - LEU
Joining LEU - VAL
Joining VAL - ARG
Joining ARG - PRO
Joining PRO - LYS
Joining LYS - PRO
Joining PRO - LEU
Joining LEU - LEU
Joining LEU - LEU
Joining LEU - LYS
Joining LYS - LEU
Joining LEU - LEU
Joining LEU - LYS
Joining LYS - SER
Joining SER - VAL
Joining VAL - GLY
Joining GLY - ALA
Joining ALA - GLN
Joining GLN - LYS
Joining LYS - ASP
Joining ASP - THR
Joining THR - TYR
Joining TYR - THR
Joining THR - MET
Joining MET - LYS
Joining LYS - GLU
Joining GLU - VAL
Joining VAL - LEU
Joining LEU - PHE
Joining PHE - TYR
Joining TYR - LEU
Joining LEU - GLY
Joining GLY - GLN
Joining GLN - TYR
Joining TYR - ILE
Joining ILE - MET
Joining MET - THR
Joining THR - LYS
Joining LYS - ARG
Joining ARG - LEU
Joining LEU - TYR
Joining TYR - ASP
Joining ASP - GLU
Joining GLU - LYS
Joining LYS - GLN
Joining GLN - GLN
Joining GLN - HIP
Joining HIP - ILE
Joining ILE - VAL
Joining VAL - TYR
Joining TYR - CYS
Joining CYS - SER
Joining SER - ASN
Joining ASN - ASP
Joining ASP - LEU
Joining LEU - LEU
Joining LEU - GLY
Joining GLY - ASP
Joining ASP - LEU
Joining LEU - PHE
Joining PHE - GLY
Joining GLY - VAL
Joining VAL - PRO
Joining PRO - SER
Joining SER - PHE
Joining PHE - SER
Joining SER - VAL
Joining VAL - LYS
Joining LYS - GLU
Joining GLU - HIP
Joining HIP - ARG
Joining ARG - LYS
Joining LYS - ILE
Joining ILE - TYR
Joining TYR - THR
Joining THR - MET
Joining MET - ILE
Joining ILE - TYR
Joining TYR - ARG
Joining ARG - ASN
Joining ASN - LEU
Joining LEU - VAL
Joining VAL - VAL
Joining VAL - VAL
Joining VAL - ASN
Joining ASN - GLN
Joining GLN - GLN
Joining GLN - GLU
Joining GLU - SER
Joining SER - SER
Joining SER - ASP
Joining ASP - SER
Joining SER - CSER
  total atoms in file: 1915
> saveAmberParm mdm2 mdm2.top mdm2.crd
Checking Unit.
WARNING: The unperturbed charge of the unit: 3.000000 is not zero.

 -- ignoring the warning.

Building topology.
Building atom parameters.
Building bond parameters.
Building angle parameters.
Building proper torsion parameters.
Building improper torsion parameters.
 total 361 improper torsions applied
Building H-Bond parameters.
Incorporating Non-Bonded adjustments.
Not Marking per-residue atom chain types.
Marking per-residue atom chain types.
  (Residues lacking connect0/connect1 - 
   these don't have chain types marked:

	res	total affected

	CSER	1
	NMET	1
  )
 (no restraints)
> quit
	Quit
