            --------------------------------------------------------
                             AMBER SQM VERSION 17
 
                                     By
              Ross C. Walker, Michael F. Crowley, Scott Brozell,
                         Tim Giese, Andreas W. Goetz,
                        Tai-Sung Lee and David A. Case
 
            --------------------------------------------------------
 

--------------------------------------------------------------------------------
  QM CALCULATION INFO
--------------------------------------------------------------------------------

| QMMM: Citation for AMBER QMMM Run:
| QMMM: R.C. Walker, M.F. Crowley and D.A. Case, J. COMP. CHEM. 29:1019, 2008

QMMM: SINGLET STATE CALCULATION
QMMM: RHF CALCULATION, NO. OF DOUBLY OCCUPIED LEVELS = 64

| QMMM: *** Selected Hamiltonian *** 
| QMMM: AM1         

| QMMM: *** Parameter sets in use ***
| QMMM: N : M.J.S.DEWAR et al. JACS, 107, 3902, (1985)
| QMMM: C : M.J.S.DEWAR et al. JACS, 107, 3902, (1985)
| QMMM: O : M.J.S.DEWAR et al. JACS, 107, 3902, (1985)
| QMMM: Cl: M.J.S.DEWAR et al. THEOCHEM, 180, 1, (1988)
| QMMM: H : M.J.S.DEWAR et al. JACS, 107, 3902, (1985)

| QMMM: *** SCF convergence criteria ***
| QMMM: Energy change                :  0.1D-09 kcal/mol
| QMMM: Error matrix |FP-PF|         :  0.1D+00 au
| QMMM: Density matrix change        :  0.1D-09
| QMMM: Maximum number of SCF cycles :     3000

| QMMM: *** Diagonalization Routine Information ***
| QMMM: Pseudo diagonalizations are allowed.
| QMMM: Auto diagonalization routine selection is in use.
| QMMM:
| QMMM: Timing diagonalization routines:
| QMMM:                              norbs =      115
| QMMM:    diag iterations used for timing =       10
| QMMM:
| QMMM:              Internal diag routine = 0.031281 seconds
| QMMM:                 Dspev diag routine = 0.034406 seconds
| QMMM:                Dspevd diag routine = 0.024084 seconds
| QMMM:                Dspevx diag routine = 0.111765 seconds
| QMMM:                 Dsyev diag routine = 0.039066 seconds
| QMMM:                Dsyevd diag routine = 0.028270 seconds
| QMMM:                Dsyevr diag routine = 0.029851 seconds
| QMMM:
| QMMM:                Pseudo diag routine = 0.015263 seconds
| QMMM:
| QMMM: Using dspevd routine (diag_routine=3).

  QMMM: QM Region Cartesian Coordinates (*=link atom) 
  QMMM: QM_NO.   MM_NO.  ATOM         X         Y         Z
  QMMM:     1        1      N        0.5380    9.9920   24.2190
  QMMM:     2        2      N        0.5030   11.8790   23.3300
  QMMM:     3        3      N        0.2880   12.0000   23.9300
  QMMM:     4        4      C        0.2450   14.6030   25.9490
  QMMM:     5        5      C        0.3590   13.8680   24.6600
  QMMM:     6        6      C        0.0670   14.4330   24.7690
  QMMM:     7        7      C        0.9280   13.6130   24.6950
  QMMM:     8        8      C        0.0410   12.2180   24.5150
  QMMM:     9        9      C        0.3310   11.6410   24.3930
  QMMM:    10       10      C        0.5560    9.7500   23.5400
  QMMM:    11       11      C        0.4740   12.4770   24.4710
  QMMM:    12       12      C        0.1880   11.4060   24.4460
  QMMM:    13       13      C        0.2220   10.0570   24.8630
  QMMM:    14       14      C        0.4520    9.3770   24.7380
  QMMM:    15       15      C        0.3940   11.2640   23.8500
  QMMM:    16       16      C        0.6110    7.9660   25.1260
  QMMM:    17       17      C        0.4440    6.9630   24.1470
  QMMM:    18       18      C        0.5890    5.6000   24.4710
  QMMM:    19       19      C        0.9010    5.2230   25.7890
  QMMM:    20       20      C        0.0620    6.2100   26.7790
  QMMM:    21       21      C        0.9160    7.5740   26.4550
  QMMM:    22       22      O        0.5300   14.5920   24.7220
  QMMM:    23       23      O        0.4070   10.2770   24.1860
  QMMM:    24       24      Cl       0.0790    3.5550   26.1930
  QMMM:    25       25      Cl       0.0950    8.7430   27.7170
  QMMM:    26       26      H        0.3880   11.3960   23.3190
  QMMM:    27       27      H        0.4740   12.8630   23.1080
  QMMM:    28       28      H        0.3010    5.9180   27.8020
  QMMM:    29       29      H        0.5300   13.5850   26.2130
  QMMM:    30       30      H        0.9540   15.5080   24.9110
  QMMM:    31       31      H        0.0610   14.0630   24.7780
  QMMM:    32       32      H        0.8040   10.3680   22.6770
  QMMM:    33       33      H        0.4650   12.0320   24.3830
  QMMM:    34       34      H        0.6630    9.5630   25.2640
  QMMM:    35       35      H        0.1990    7.2480   23.1240
  QMMM:    36       36      H        0.4600    4.8390   23.7010
  QMMM:    37       37      H        0.3530    8.7310   23.2110
  QMMM:    38       38      H        0.6140   15.0200   26.7340
  QMMM:    39       39      H        0.3940    9.7460   24.2370
  QMMM:    40       40      H        0.1410   15.2140   25.8410

--------------------------------------------------------------------------------
  RESULTS
--------------------------------------------------------------------------------


QMMM: ERROR!
QMMM: Unable to achieve self consistency to the tolerances specified
QMMM: No convergence in SCF after   3000 steps.
QMMM: E =  -0.8477E+06 DeltaE =  -0.2550E+01 DeltaP =   0.5600E-01
QMMM: Smallest DeltaE =   0.3601E-01 DeltaP =   0.3844E-01 Step =     57

