log started: Wed May 30 12:24:58 2018

Log file: ./leap.log
>> #
>> # ----- leaprc for loading the ff14SB force field
>> # ----- NOTE: this is designed for PDB format 3!
>> #
>> #	load atom type hybridizations
>> #
>> addAtomTypes {
>> 	{ "H"   "H" "sp3" }
>> 	{ "HO"  "H" "sp3" }
>> 	{ "HS"  "H" "sp3" }
>> 	{ "H1"  "H" "sp3" }
>> 	{ "H2"  "H" "sp3" }
>> 	{ "H3"  "H" "sp3" }
>> 	{ "H4"  "H" "sp3" }
>> 	{ "H5"  "H" "sp3" }
>> 	{ "HW"  "H" "sp3" }
>> 	{ "HC"  "H" "sp3" }
>> 	{ "HA"  "H" "sp3" }
>> 	{ "HP"  "H" "sp3" }
>> 	{ "HZ"  "H" "sp3" }
>> 	{ "OH"  "O" "sp3" }
>> 	{ "OS"  "O" "sp3" }
>> 	{ "O"   "O" "sp2" }
>> 	{ "O2"  "O" "sp2" }
>> 	{ "OP"  "O" "sp2" }
>> 	{ "OW"  "O" "sp3" }
>> 	{ "CT"  "C" "sp3" }
>> 	{ "CX"  "C" "sp3" }
>> 	{ "C8"  "C" "sp3" }
>> 	{ "2C"  "C" "sp3" }
>> 	{ "3C"  "C" "sp3" }
>> 	{ "CH"  "C" "sp3" }
>> 	{ "CS"  "C" "sp2" }
>> 	{ "C"   "C" "sp2" }
>> 	{ "CO"   "C" "sp2" }
>> 	{ "C*"  "C" "sp2" }
>> 	{ "CA"  "C" "sp2" }
>> 	{ "CB"  "C" "sp2" }
>> 	{ "CC"  "C" "sp2" }
>> 	{ "CN"  "C" "sp2" }
>> 	{ "CM"  "C" "sp2" }
>> 	{ "CK"  "C" "sp2" }
>> 	{ "CQ"  "C" "sp2" }
>> 	{ "CD"  "C" "sp2" }
>> 	{ "C5"  "C" "sp2" }
>> 	{ "C4"  "C" "sp2" }
>> 	{ "CP"  "C" "sp2" }
>> 	{ "CI"  "C" "sp3" }
>> 	{ "CJ"  "C" "sp2" }
>> 	{ "CW"  "C" "sp2" }
>> 	{ "CV"  "C" "sp2" }
>> 	{ "CR"  "C" "sp2" }
>> 	{ "CA"  "C" "sp2" }
>> 	{ "CY"  "C" "sp2" }
>> 	{ "C0"  "Ca" "sp3" }
>> 	{ "MG"  "Mg" "sp3" }
>> 	{ "N"   "N" "sp2" }
>> 	{ "NA"  "N" "sp2" }
>> 	{ "N2"  "N" "sp2" }
>> 	{ "N*"  "N" "sp2" }
>> 	{ "NP"  "N" "sp2" }
>> 	{ "NQ"  "N" "sp2" }
>> 	{ "NB"  "N" "sp2" }
>> 	{ "NC"  "N" "sp2" }
>> 	{ "NT"  "N" "sp3" }
>> 	{ "NY"  "N" "sp2" }
>> 	{ "N3"  "N" "sp3" }
>> 	{ "S"   "S" "sp3" }
>> 	{ "SH"  "S" "sp3" }
>> 	{ "P"   "P" "sp3" }
>> 	{ "LP"  ""  "sp3" }
>> 	{ "EP"  ""  "sp3" }
>> 	{ "F"   "F" "sp3" }
>> 	{ "Cl"  "Cl" "sp3" }
>> 	{ "Br"  "Br" "sp3" }
>> 	{ "I"   "I"  "sp3" }
>> }
>> #
>> #	Load the main parameter set.
>> #
>> parm10 = loadamberparams parm10.dat
Loading parameters: /Users/toni_brain/Software/amber16/dat/leap/parm/parm10.dat
Reading title:
PARM99 + frcmod.ff99SB + frcmod.parmbsc0 + OL3 for RNA
(UNKNOWN ATOM TYPE: Zn)
(UNKNOWN ATOM TYPE: EP)
>> frcmod14SB = loadamberparams frcmod.ff14SB
Loading parameters: /Users/toni_brain/Software/amber16/dat/leap/parm/frcmod.ff14SB
Reading force field modification type file (frcmod)
Reading title:
ff14SB protein backbone and sidechain parameters
>> #
>> #	Load main chain and terminating amino acid libraries
>> #
>> loadOff amino12.lib
Loading library: /Users/toni_brain/Software/amber16/dat/leap/lib/amino12.lib
Loading: ALA
Loading: ARG
Loading: ASH
Loading: ASN
Loading: ASP
Loading: CYM
Loading: CYS
Loading: CYX
Loading: GLH
Loading: GLN
Loading: GLU
Loading: GLY
Loading: HID
Loading: HIE
Loading: HIP
Loading: HYP
Loading: ILE
Loading: LEU
Loading: LYN
Loading: LYS
Loading: MET
Loading: PHE
Loading: PRO
Loading: SER
Loading: THR
Loading: TRP
Loading: TYR
Loading: VAL
>> loadOff aminoct12.lib
Loading library: /Users/toni_brain/Software/amber16/dat/leap/lib/aminoct12.lib
Loading: CALA
Loading: CARG
Loading: CASN
Loading: CASP
Loading: CCYS
Loading: CCYX
Loading: CGLN
Loading: CGLU
Loading: CGLY
Loading: CHID
Loading: CHIE
Loading: CHIP
Loading: CHYP
Loading: CILE
Loading: CLEU
Loading: CLYS
Loading: CMET
Loading: CPHE
Loading: CPRO
Loading: CSER
Loading: CTHR
Loading: CTRP
Loading: CTYR
Loading: CVAL
Loading: NHE
Loading: NME
>> loadOff aminont12.lib
Loading library: /Users/toni_brain/Software/amber16/dat/leap/lib/aminont12.lib
Loading: ACE
Loading: NALA
Loading: NARG
Loading: NASN
Loading: NASP
Loading: NCYS
Loading: NCYX
Loading: NGLN
Loading: NGLU
Loading: NGLY
Loading: NHID
Loading: NHIE
Loading: NHIP
Loading: NILE
Loading: NLEU
Loading: NLYS
Loading: NMET
Loading: NPHE
Loading: NPRO
Loading: NSER
Loading: NTHR
Loading: NTRP
Loading: NTYR
Loading: NVAL
>> 
>> #
>> #	Define the PDB name map for the amino acids
>> #
>> addPdbResMap {
>>   { 0 "HYP" "HYP" } { 1 "HYP" "CHYP" }
>>   { 0 "ALA" "NALA" } { 1 "ALA" "CALA" }
>>   { 0 "ARG" "NARG" } { 1 "ARG" "CARG" }
>>   { 0 "ASN" "NASN" } { 1 "ASN" "CASN" }
>>   { 0 "ASP" "NASP" } { 1 "ASP" "CASP" }
>>   { 0 "CYS" "NCYS" } { 1 "CYS" "CCYS" }
>>   { 0 "CYX" "NCYX" } { 1 "CYX" "CCYX" }
>>   { 0 "GLN" "NGLN" } { 1 "GLN" "CGLN" }
>>   { 0 "GLU" "NGLU" } { 1 "GLU" "CGLU" }
>>   { 0 "GLY" "NGLY" } { 1 "GLY" "CGLY" }
>>   { 0 "HID" "NHID" } { 1 "HID" "CHID" }
>>   { 0 "HIE" "NHIE" } { 1 "HIE" "CHIE" }
>>   { 0 "HIP" "NHIP" } { 1 "HIP" "CHIP" }
>>   { 0 "ILE" "NILE" } { 1 "ILE" "CILE" }
>>   { 0 "LEU" "NLEU" } { 1 "LEU" "CLEU" }
>>   { 0 "LYS" "NLYS" } { 1 "LYS" "CLYS" }
>>   { 0 "MET" "NMET" } { 1 "MET" "CMET" }
>>   { 0 "PHE" "NPHE" } { 1 "PHE" "CPHE" }
>>   { 0 "PRO" "NPRO" } { 1 "PRO" "CPRO" }
>>   { 0 "SER" "NSER" } { 1 "SER" "CSER" }
>>   { 0 "THR" "NTHR" } { 1 "THR" "CTHR" }
>>   { 0 "TRP" "NTRP" } { 1 "TRP" "CTRP" }
>>   { 0 "TYR" "NTYR" } { 1 "TYR" "CTYR" }
>>   { 0 "VAL" "NVAL" } { 1 "VAL" "CVAL" }
>>   { 0 "HIS" "NHIS" } { 1 "HIS" "CHIS" }
>> }
>> 
>> #
>> # assume that most often proteins use HIE
>> #
>> NHIS = NHIE
>> HIS = HIE
>> CHIS = CHIE
> 
> hsp90 = loadPdb "2jjc_protein.pdb"
Loading PDB file: ./2jjc_protein.pdb
Enter zPdbReadScan from call depth  0.
Exit  zPdbReadScan from call depth  0.
Matching PDB residue names to LEaP variables.
Mapped residue VAL, term: Terminal/beginning, seq. number: 0 to: NVAL.
(Residue 1: GLU, Nonterminal, was not found in name map.)
(Residue 2: THR, Nonterminal, was not found in name map.)
(Residue 3: PHE, Nonterminal, was not found in name map.)
(Residue 4: ALA, Nonterminal, was not found in name map.)
(Residue 5: PHE, Nonterminal, was not found in name map.)
(Residue 6: GLN, Nonterminal, was not found in name map.)
(Residue 7: ALA, Nonterminal, was not found in name map.)
(Residue 8: GLU, Nonterminal, was not found in name map.)
(Residue 9: ILE, Nonterminal, was not found in name map.)
(Residue 10: ALA, Nonterminal, was not found in name map.)
(Residue 11: GLN, Nonterminal, was not found in name map.)
(Residue 12: LEU, Nonterminal, was not found in name map.)
(Residue 13: MET, Nonterminal, was not found in name map.)
(Residue 14: SER, Nonterminal, was not found in name map.)
(Residue 15: LEU, Nonterminal, was not found in name map.)
(Residue 16: ILE, Nonterminal, was not found in name map.)
(Residue 17: ILE, Nonterminal, was not found in name map.)
(Residue 18: ASN, Nonterminal, was not found in name map.)
(Residue 19: THR, Nonterminal, was not found in name map.)
(Residue 20: PHE, Nonterminal, was not found in name map.)
(Residue 21: TYR, Nonterminal, was not found in name map.)
(Residue 22: SER, Nonterminal, was not found in name map.)
(Residue 23: ASN, Nonterminal, was not found in name map.)
(Residue 24: LYS, Nonterminal, was not found in name map.)
(Residue 25: GLU, Nonterminal, was not found in name map.)
(Residue 26: ILE, Nonterminal, was not found in name map.)
(Residue 27: PHE, Nonterminal, was not found in name map.)
(Residue 28: LEU, Nonterminal, was not found in name map.)
(Residue 29: ARG, Nonterminal, was not found in name map.)
(Residue 30: GLU, Nonterminal, was not found in name map.)
(Residue 31: LEU, Nonterminal, was not found in name map.)
(Residue 32: ILE, Nonterminal, was not found in name map.)
(Residue 33: SER, Nonterminal, was not found in name map.)
(Residue 34: ASN, Nonterminal, was not found in name map.)
(Residue 35: SER, Nonterminal, was not found in name map.)
(Residue 36: SER, Nonterminal, was not found in name map.)
(Residue 37: ASP, Nonterminal, was not found in name map.)
(Residue 38: ALA, Nonterminal, was not found in name map.)
(Residue 39: LEU, Nonterminal, was not found in name map.)
(Residue 40: ASP, Nonterminal, was not found in name map.)
(Residue 41: LYS, Nonterminal, was not found in name map.)
(Residue 42: ILE, Nonterminal, was not found in name map.)
(Residue 43: ARG, Nonterminal, was not found in name map.)
(Residue 44: TYR, Nonterminal, was not found in name map.)
(Residue 45: GLU, Nonterminal, was not found in name map.)
(Residue 46: SER, Nonterminal, was not found in name map.)
(Residue 47: LEU, Nonterminal, was not found in name map.)
(Residue 48: THR, Nonterminal, was not found in name map.)
(Residue 49: ASP, Nonterminal, was not found in name map.)
(Residue 50: PRO, Nonterminal, was not found in name map.)
(Residue 51: SER, Nonterminal, was not found in name map.)
(Residue 52: LYS, Nonterminal, was not found in name map.)
(Residue 53: LEU, Nonterminal, was not found in name map.)
(Residue 54: ASP, Nonterminal, was not found in name map.)
(Residue 55: SER, Nonterminal, was not found in name map.)
(Residue 56: GLY, Nonterminal, was not found in name map.)
(Residue 57: LYS, Nonterminal, was not found in name map.)
(Residue 58: GLU, Nonterminal, was not found in name map.)
(Residue 59: LEU, Nonterminal, was not found in name map.)
(Residue 60: HIS, Nonterminal, was not found in name map.)
(Residue 61: ILE, Nonterminal, was not found in name map.)
(Residue 62: ASN, Nonterminal, was not found in name map.)
(Residue 63: LEU, Nonterminal, was not found in name map.)
(Residue 64: ILE, Nonterminal, was not found in name map.)
(Residue 65: PRO, Nonterminal, was not found in name map.)
(Residue 66: ASN, Nonterminal, was not found in name map.)
(Residue 67: LYS, Nonterminal, was not found in name map.)
(Residue 68: GLN, Nonterminal, was not found in name map.)
(Residue 69: ASP, Nonterminal, was not found in name map.)
(Residue 70: ARG, Nonterminal, was not found in name map.)
(Residue 71: THR, Nonterminal, was not found in name map.)
(Residue 72: LEU, Nonterminal, was not found in name map.)
(Residue 73: THR, Nonterminal, was not found in name map.)
(Residue 74: ILE, Nonterminal, was not found in name map.)
(Residue 75: VAL, Nonterminal, was not found in name map.)
(Residue 76: ASP, Nonterminal, was not found in name map.)
(Residue 77: THR, Nonterminal, was not found in name map.)
(Residue 78: GLY, Nonterminal, was not found in name map.)
(Residue 79: ILE, Nonterminal, was not found in name map.)
(Residue 80: GLY, Nonterminal, was not found in name map.)
(Residue 81: MET, Nonterminal, was not found in name map.)
(Residue 82: THR, Nonterminal, was not found in name map.)
(Residue 83: LYS, Nonterminal, was not found in name map.)
(Residue 84: ALA, Nonterminal, was not found in name map.)
(Residue 85: ASP, Nonterminal, was not found in name map.)
(Residue 86: LEU, Nonterminal, was not found in name map.)
(Residue 87: ILE, Nonterminal, was not found in name map.)
(Residue 88: ASN, Nonterminal, was not found in name map.)
(Residue 89: ASN, Nonterminal, was not found in name map.)
(Residue 90: LEU, Nonterminal, was not found in name map.)
(Residue 91: GLY, Nonterminal, was not found in name map.)
(Residue 92: THR, Nonterminal, was not found in name map.)
(Residue 93: ILE, Nonterminal, was not found in name map.)
(Residue 94: ALA, Nonterminal, was not found in name map.)
(Residue 95: LYS, Nonterminal, was not found in name map.)
(Residue 96: SER, Nonterminal, was not found in name map.)
(Residue 97: GLY, Nonterminal, was not found in name map.)
(Residue 98: THR, Nonterminal, was not found in name map.)
(Residue 99: LYS, Nonterminal, was not found in name map.)
(Residue 100: ALA, Nonterminal, was not found in name map.)
(Residue 101: PHE, Nonterminal, was not found in name map.)
(Residue 102: MET, Nonterminal, was not found in name map.)
(Residue 103: GLU, Nonterminal, was not found in name map.)
(Residue 104: ALA, Nonterminal, was not found in name map.)
(Residue 105: LEU, Nonterminal, was not found in name map.)
(Residue 106: GLN, Nonterminal, was not found in name map.)
(Residue 107: ALA, Nonterminal, was not found in name map.)
(Residue 108: GLY, Nonterminal, was not found in name map.)
(Residue 109: ALA, Nonterminal, was not found in name map.)
(Residue 110: ASP, Nonterminal, was not found in name map.)
(Residue 111: ILE, Nonterminal, was not found in name map.)
(Residue 112: SER, Nonterminal, was not found in name map.)
(Residue 113: MET, Nonterminal, was not found in name map.)
(Residue 114: ILE, Nonterminal, was not found in name map.)
(Residue 115: GLY, Nonterminal, was not found in name map.)
(Residue 116: GLN, Nonterminal, was not found in name map.)
(Residue 117: PHE, Nonterminal, was not found in name map.)
(Residue 118: GLY, Nonterminal, was not found in name map.)
(Residue 119: VAL, Nonterminal, was not found in name map.)
(Residue 120: GLY, Nonterminal, was not found in name map.)
(Residue 121: PHE, Nonterminal, was not found in name map.)
(Residue 122: TYR, Nonterminal, was not found in name map.)
(Residue 123: SER, Nonterminal, was not found in name map.)
(Residue 124: ALA, Nonterminal, was not found in name map.)
(Residue 125: TYR, Nonterminal, was not found in name map.)
(Residue 126: LEU, Nonterminal, was not found in name map.)
(Residue 127: VAL, Nonterminal, was not found in name map.)
(Residue 128: ALA, Nonterminal, was not found in name map.)
(Residue 129: GLU, Nonterminal, was not found in name map.)
(Residue 130: LYS, Nonterminal, was not found in name map.)
(Residue 131: VAL, Nonterminal, was not found in name map.)
(Residue 132: THR, Nonterminal, was not found in name map.)
(Residue 133: VAL, Nonterminal, was not found in name map.)
(Residue 134: ILE, Nonterminal, was not found in name map.)
(Residue 135: THR, Nonterminal, was not found in name map.)
(Residue 136: LYS, Nonterminal, was not found in name map.)
(Residue 137: HIS, Nonterminal, was not found in name map.)
(Residue 138: ASN, Nonterminal, was not found in name map.)
(Residue 139: ASP, Nonterminal, was not found in name map.)
(Residue 140: ASP, Nonterminal, was not found in name map.)
(Residue 141: GLU, Nonterminal, was not found in name map.)
(Residue 142: GLN, Nonterminal, was not found in name map.)
(Residue 143: TYR, Nonterminal, was not found in name map.)
(Residue 144: ALA, Nonterminal, was not found in name map.)
(Residue 145: TRP, Nonterminal, was not found in name map.)
(Residue 146: GLU, Nonterminal, was not found in name map.)
(Residue 147: SER, Nonterminal, was not found in name map.)
(Residue 148: SER, Nonterminal, was not found in name map.)
(Residue 149: ALA, Nonterminal, was not found in name map.)
(Residue 150: GLY, Nonterminal, was not found in name map.)
(Residue 151: GLY, Nonterminal, was not found in name map.)
(Residue 152: SER, Nonterminal, was not found in name map.)
(Residue 153: PHE, Nonterminal, was not found in name map.)
(Residue 154: THR, Nonterminal, was not found in name map.)
(Residue 155: VAL, Nonterminal, was not found in name map.)
(Residue 156: ARG, Nonterminal, was not found in name map.)
(Residue 157: THR, Nonterminal, was not found in name map.)
(Residue 158: ASP, Nonterminal, was not found in name map.)
(Residue 159: THR, Nonterminal, was not found in name map.)
(Residue 160: GLY, Nonterminal, was not found in name map.)
(Residue 161: GLU, Nonterminal, was not found in name map.)
(Residue 162: PRO, Nonterminal, was not found in name map.)
(Residue 163: MET, Nonterminal, was not found in name map.)
(Residue 164: GLY, Nonterminal, was not found in name map.)
(Residue 165: ARG, Nonterminal, was not found in name map.)
(Residue 166: GLY, Nonterminal, was not found in name map.)
(Residue 167: THR, Nonterminal, was not found in name map.)
(Residue 168: LYS, Nonterminal, was not found in name map.)
(Residue 169: VAL, Nonterminal, was not found in name map.)
(Residue 170: ILE, Nonterminal, was not found in name map.)
(Residue 171: LEU, Nonterminal, was not found in name map.)
(Residue 172: HIS, Nonterminal, was not found in name map.)
(Residue 173: LEU, Nonterminal, was not found in name map.)
(Residue 174: LYS, Nonterminal, was not found in name map.)
(Residue 175: GLU, Nonterminal, was not found in name map.)
(Residue 176: ASP, Nonterminal, was not found in name map.)
(Residue 177: GLN, Nonterminal, was not found in name map.)
(Residue 178: THR, Nonterminal, was not found in name map.)
(Residue 179: GLU, Nonterminal, was not found in name map.)
(Residue 180: TYR, Nonterminal, was not found in name map.)
(Residue 181: LEU, Nonterminal, was not found in name map.)
(Residue 182: GLU, Nonterminal, was not found in name map.)
(Residue 183: GLU, Nonterminal, was not found in name map.)
(Residue 184: ARG, Nonterminal, was not found in name map.)
(Residue 185: ARG, Nonterminal, was not found in name map.)
(Residue 186: ILE, Nonterminal, was not found in name map.)
(Residue 187: LYS, Nonterminal, was not found in name map.)
(Residue 188: GLU, Nonterminal, was not found in name map.)
(Residue 189: ILE, Nonterminal, was not found in name map.)
(Residue 190: VAL, Nonterminal, was not found in name map.)
(Residue 191: LYS, Nonterminal, was not found in name map.)
(Residue 192: LYS, Nonterminal, was not found in name map.)
(Residue 193: HIS, Nonterminal, was not found in name map.)
(Residue 194: SER, Nonterminal, was not found in name map.)
(Residue 195: GLN, Nonterminal, was not found in name map.)
(Residue 196: PHE, Nonterminal, was not found in name map.)
(Residue 197: ILE, Nonterminal, was not found in name map.)
(Residue 198: GLY, Nonterminal, was not found in name map.)
(Residue 199: TYR, Nonterminal, was not found in name map.)
(Residue 200: PRO, Nonterminal, was not found in name map.)
(Residue 201: ILE, Nonterminal, was not found in name map.)
(Residue 202: THR, Nonterminal, was not found in name map.)
(Residue 203: LEU, Nonterminal, was not found in name map.)
(Residue 204: PHE, Nonterminal, was not found in name map.)
(Residue 205: VAL, Nonterminal, was not found in name map.)
Mapped residue GLU, term: Terminal/last, seq. number: 206 to: CGLU.
Joining NVAL - GLU
Joining GLU - THR
Joining THR - PHE
Joining PHE - ALA
Joining ALA - PHE
Joining PHE - GLN
Joining GLN - ALA
Joining ALA - GLU
Joining GLU - ILE
Joining ILE - ALA
Joining ALA - GLN
Joining GLN - LEU
Joining LEU - MET
Joining MET - SER
Joining SER - LEU
Joining LEU - ILE
Joining ILE - ILE
Joining ILE - ASN
Joining ASN - THR
Joining THR - PHE
Joining PHE - TYR
Joining TYR - SER
Joining SER - ASN
Joining ASN - LYS
Joining LYS - GLU
Joining GLU - ILE
Joining ILE - PHE
Joining PHE - LEU
Joining LEU - ARG
Joining ARG - GLU
Joining GLU - LEU
Joining LEU - ILE
Joining ILE - SER
Joining SER - ASN
Joining ASN - SER
Joining SER - SER
Joining SER - ASP
Joining ASP - ALA
Joining ALA - LEU
Joining LEU - ASP
Joining ASP - LYS
Joining LYS - ILE
Joining ILE - ARG
Joining ARG - TYR
Joining TYR - GLU
Joining GLU - SER
Joining SER - LEU
Joining LEU - THR
Joining THR - ASP
Joining ASP - PRO
Joining PRO - SER
Joining SER - LYS
Joining LYS - LEU
Joining LEU - ASP
Joining ASP - SER
Joining SER - GLY
Joining GLY - LYS
Joining LYS - GLU
Joining GLU - LEU
Joining LEU - HIE
Joining HIE - ILE
Joining ILE - ASN
Joining ASN - LEU
Joining LEU - ILE
Joining ILE - PRO
Joining PRO - ASN
Joining ASN - LYS
Joining LYS - GLN
Joining GLN - ASP
Joining ASP - ARG
Joining ARG - THR
Joining THR - LEU
Joining LEU - THR
Joining THR - ILE
Joining ILE - VAL
Joining VAL - ASP
Joining ASP - THR
Joining THR - GLY
Joining GLY - ILE
Joining ILE - GLY
Joining GLY - MET
Joining MET - THR
Joining THR - LYS
Joining LYS - ALA
Joining ALA - ASP
Joining ASP - LEU
Joining LEU - ILE
Joining ILE - ASN
Joining ASN - ASN
Joining ASN - LEU
Joining LEU - GLY
Joining GLY - THR
Joining THR - ILE
Joining ILE - ALA
Joining ALA - LYS
Joining LYS - SER
Joining SER - GLY
Joining GLY - THR
Joining THR - LYS
Joining LYS - ALA
Joining ALA - PHE
Joining PHE - MET
Joining MET - GLU
Joining GLU - ALA
Joining ALA - LEU
Joining LEU - GLN
Joining GLN - ALA
Joining ALA - GLY
Joining GLY - ALA
Joining ALA - ASP
Joining ASP - ILE
Joining ILE - SER
Joining SER - MET
Joining MET - ILE
Joining ILE - GLY
Joining GLY - GLN
Joining GLN - PHE
Joining PHE - GLY
Joining GLY - VAL
Joining VAL - GLY
Joining GLY - PHE
Joining PHE - TYR
Joining TYR - SER
Joining SER - ALA
Joining ALA - TYR
Joining TYR - LEU
Joining LEU - VAL
Joining VAL - ALA
Joining ALA - GLU
Joining GLU - LYS
Joining LYS - VAL
Joining VAL - THR
Joining THR - VAL
Joining VAL - ILE
Joining ILE - THR
Joining THR - LYS
Joining LYS - HIE
Joining HIE - ASN
Joining ASN - ASP
Joining ASP - ASP
Joining ASP - GLU
Joining GLU - GLN
Joining GLN - TYR
Joining TYR - ALA
Joining ALA - TRP
Joining TRP - GLU
Joining GLU - SER
Joining SER - SER
Joining SER - ALA
Joining ALA - GLY
Joining GLY - GLY
Joining GLY - SER
Joining SER - PHE
Joining PHE - THR
Joining THR - VAL
Joining VAL - ARG
Joining ARG - THR
Joining THR - ASP
Joining ASP - THR
Joining THR - GLY
Joining GLY - GLU
Joining GLU - PRO
Joining PRO - MET
Joining MET - GLY
Joining GLY - ARG
Joining ARG - GLY
Joining GLY - THR
Joining THR - LYS
Joining LYS - VAL
Joining VAL - ILE
Joining ILE - LEU
Joining LEU - HIE
Joining HIE - LEU
Joining LEU - LYS
Joining LYS - GLU
Joining GLU - ASP
Joining ASP - GLN
Joining GLN - THR
Joining THR - GLU
Joining GLU - TYR
Joining TYR - LEU
Joining LEU - GLU
Joining GLU - GLU
Joining GLU - ARG
Joining ARG - ARG
Joining ARG - ILE
Joining ILE - LYS
Joining LYS - GLU
Joining GLU - ILE
Joining ILE - VAL
Joining VAL - LYS
Joining LYS - LYS
Joining LYS - HIE
Joining HIE - SER
Joining SER - GLN
Joining GLN - PHE
Joining PHE - ILE
Joining ILE - GLY
Joining GLY - TYR
Joining TYR - PRO
Joining PRO - ILE
Joining ILE - THR
Joining THR - LEU
Joining LEU - PHE
Joining PHE - VAL
Joining VAL - CGLU
  total atoms in file: 1627
  Leap added 1631 missing atoms according to residue templates:
       1631 H / lone pairs
> saveAmberParm hsp90 hsp90.top hsp90.crd
Checking Unit.
WARNING: The unperturbed charge of the unit: -7.000000 is not zero.

 -- ignoring the warning.

Building topology.
Building atom parameters.
Building bond parameters.
Building angle parameters.
Building proper torsion parameters.
Building improper torsion parameters.
 ** Warning: No sp2 improper torsion term for  C*-CN-CB-CA
        atoms are: CG CE2 CD2 CE3
 ** Warning: No sp2 improper torsion term for  NA-CA-CN-CB
        atoms are: NE1 CZ2 CE2 CD2
 total 627 improper torsions applied
Building H-Bond parameters.
Incorporating Non-Bonded adjustments.
Not Marking per-residue atom chain types.
Marking per-residue atom chain types.
  (Residues lacking connect0/connect1 - 
   these don't have chain types marked:

	res	total affected

	CGLU	1
	NVAL	1
  )
 (no restraints)
> quit
	Quit
log started: Wed May 30 12:25:22 2018

Log file: ./leap.log
>> #
>> # ----- leaprc for loading the ff14SB force field
>> # ----- NOTE: this is designed for PDB format 3!
>> #
>> #	load atom type hybridizations
>> #
>> addAtomTypes {
>> 	{ "H"   "H" "sp3" }
>> 	{ "HO"  "H" "sp3" }
>> 	{ "HS"  "H" "sp3" }
>> 	{ "H1"  "H" "sp3" }
>> 	{ "H2"  "H" "sp3" }
>> 	{ "H3"  "H" "sp3" }
>> 	{ "H4"  "H" "sp3" }
>> 	{ "H5"  "H" "sp3" }
>> 	{ "HW"  "H" "sp3" }
>> 	{ "HC"  "H" "sp3" }
>> 	{ "HA"  "H" "sp3" }
>> 	{ "HP"  "H" "sp3" }
>> 	{ "HZ"  "H" "sp3" }
>> 	{ "OH"  "O" "sp3" }
>> 	{ "OS"  "O" "sp3" }
>> 	{ "O"   "O" "sp2" }
>> 	{ "O2"  "O" "sp2" }
>> 	{ "OP"  "O" "sp2" }
>> 	{ "OW"  "O" "sp3" }
>> 	{ "CT"  "C" "sp3" }
>> 	{ "CX"  "C" "sp3" }
>> 	{ "C8"  "C" "sp3" }
>> 	{ "2C"  "C" "sp3" }
>> 	{ "3C"  "C" "sp3" }
>> 	{ "CH"  "C" "sp3" }
>> 	{ "CS"  "C" "sp2" }
>> 	{ "C"   "C" "sp2" }
>> 	{ "CO"   "C" "sp2" }
>> 	{ "C*"  "C" "sp2" }
>> 	{ "CA"  "C" "sp2" }
>> 	{ "CB"  "C" "sp2" }
>> 	{ "CC"  "C" "sp2" }
>> 	{ "CN"  "C" "sp2" }
>> 	{ "CM"  "C" "sp2" }
>> 	{ "CK"  "C" "sp2" }
>> 	{ "CQ"  "C" "sp2" }
>> 	{ "CD"  "C" "sp2" }
>> 	{ "C5"  "C" "sp2" }
>> 	{ "C4"  "C" "sp2" }
>> 	{ "CP"  "C" "sp2" }
>> 	{ "CI"  "C" "sp3" }
>> 	{ "CJ"  "C" "sp2" }
>> 	{ "CW"  "C" "sp2" }
>> 	{ "CV"  "C" "sp2" }
>> 	{ "CR"  "C" "sp2" }
>> 	{ "CA"  "C" "sp2" }
>> 	{ "CY"  "C" "sp2" }
>> 	{ "C0"  "Ca" "sp3" }
>> 	{ "MG"  "Mg" "sp3" }
>> 	{ "N"   "N" "sp2" }
>> 	{ "NA"  "N" "sp2" }
>> 	{ "N2"  "N" "sp2" }
>> 	{ "N*"  "N" "sp2" }
>> 	{ "NP"  "N" "sp2" }
>> 	{ "NQ"  "N" "sp2" }
>> 	{ "NB"  "N" "sp2" }
>> 	{ "NC"  "N" "sp2" }
>> 	{ "NT"  "N" "sp3" }
>> 	{ "NY"  "N" "sp2" }
>> 	{ "N3"  "N" "sp3" }
>> 	{ "S"   "S" "sp3" }
>> 	{ "SH"  "S" "sp3" }
>> 	{ "P"   "P" "sp3" }
>> 	{ "LP"  ""  "sp3" }
>> 	{ "EP"  ""  "sp3" }
>> 	{ "F"   "F" "sp3" }
>> 	{ "Cl"  "Cl" "sp3" }
>> 	{ "Br"  "Br" "sp3" }
>> 	{ "I"   "I"  "sp3" }
>> }
>> #
>> #	Load the main parameter set.
>> #
>> parm10 = loadamberparams parm10.dat
Loading parameters: /Users/toni_brain/Software/amber16/dat/leap/parm/parm10.dat
Reading title:
PARM99 + frcmod.ff99SB + frcmod.parmbsc0 + OL3 for RNA
(UNKNOWN ATOM TYPE: Zn)
(UNKNOWN ATOM TYPE: EP)
>> frcmod14SB = loadamberparams frcmod.ff14SB
Loading parameters: /Users/toni_brain/Software/amber16/dat/leap/parm/frcmod.ff14SB
Reading force field modification type file (frcmod)
Reading title:
ff14SB protein backbone and sidechain parameters
>> #
>> #	Load main chain and terminating amino acid libraries
>> #
>> loadOff amino12.lib
Loading library: /Users/toni_brain/Software/amber16/dat/leap/lib/amino12.lib
Loading: ALA
Loading: ARG
Loading: ASH
Loading: ASN
Loading: ASP
Loading: CYM
Loading: CYS
Loading: CYX
Loading: GLH
Loading: GLN
Loading: GLU
Loading: GLY
Loading: HID
Loading: HIE
Loading: HIP
Loading: HYP
Loading: ILE
Loading: LEU
Loading: LYN
Loading: LYS
Loading: MET
Loading: PHE
Loading: PRO
Loading: SER
Loading: THR
Loading: TRP
Loading: TYR
Loading: VAL
>> loadOff aminoct12.lib
Loading library: /Users/toni_brain/Software/amber16/dat/leap/lib/aminoct12.lib
Loading: CALA
Loading: CARG
Loading: CASN
Loading: CASP
Loading: CCYS
Loading: CCYX
Loading: CGLN
Loading: CGLU
Loading: CGLY
Loading: CHID
Loading: CHIE
Loading: CHIP
Loading: CHYP
Loading: CILE
Loading: CLEU
Loading: CLYS
Loading: CMET
Loading: CPHE
Loading: CPRO
Loading: CSER
Loading: CTHR
Loading: CTRP
Loading: CTYR
Loading: CVAL
Loading: NHE
Loading: NME
>> loadOff aminont12.lib
Loading library: /Users/toni_brain/Software/amber16/dat/leap/lib/aminont12.lib
Loading: ACE
Loading: NALA
Loading: NARG
Loading: NASN
Loading: NASP
Loading: NCYS
Loading: NCYX
Loading: NGLN
Loading: NGLU
Loading: NGLY
Loading: NHID
Loading: NHIE
Loading: NHIP
Loading: NILE
Loading: NLEU
Loading: NLYS
Loading: NMET
Loading: NPHE
Loading: NPRO
Loading: NSER
Loading: NTHR
Loading: NTRP
Loading: NTYR
Loading: NVAL
>> 
>> #
>> #	Define the PDB name map for the amino acids
>> #
>> addPdbResMap {
>>   { 0 "HYP" "HYP" } { 1 "HYP" "CHYP" }
>>   { 0 "ALA" "NALA" } { 1 "ALA" "CALA" }
>>   { 0 "ARG" "NARG" } { 1 "ARG" "CARG" }
>>   { 0 "ASN" "NASN" } { 1 "ASN" "CASN" }
>>   { 0 "ASP" "NASP" } { 1 "ASP" "CASP" }
>>   { 0 "CYS" "NCYS" } { 1 "CYS" "CCYS" }
>>   { 0 "CYX" "NCYX" } { 1 "CYX" "CCYX" }
>>   { 0 "GLN" "NGLN" } { 1 "GLN" "CGLN" }
>>   { 0 "GLU" "NGLU" } { 1 "GLU" "CGLU" }
>>   { 0 "GLY" "NGLY" } { 1 "GLY" "CGLY" }
>>   { 0 "HID" "NHID" } { 1 "HID" "CHID" }
>>   { 0 "HIE" "NHIE" } { 1 "HIE" "CHIE" }
>>   { 0 "HIP" "NHIP" } { 1 "HIP" "CHIP" }
>>   { 0 "ILE" "NILE" } { 1 "ILE" "CILE" }
>>   { 0 "LEU" "NLEU" } { 1 "LEU" "CLEU" }
>>   { 0 "LYS" "NLYS" } { 1 "LYS" "CLYS" }
>>   { 0 "MET" "NMET" } { 1 "MET" "CMET" }
>>   { 0 "PHE" "NPHE" } { 1 "PHE" "CPHE" }
>>   { 0 "PRO" "NPRO" } { 1 "PRO" "CPRO" }
>>   { 0 "SER" "NSER" } { 1 "SER" "CSER" }
>>   { 0 "THR" "NTHR" } { 1 "THR" "CTHR" }
>>   { 0 "TRP" "NTRP" } { 1 "TRP" "CTRP" }
>>   { 0 "TYR" "NTYR" } { 1 "TYR" "CTYR" }
>>   { 0 "VAL" "NVAL" } { 1 "VAL" "CVAL" }
>>   { 0 "HIS" "NHIS" } { 1 "HIS" "CHIS" }
>> }
>> 
>> #
>> # assume that most often proteins use HIE
>> #
>> NHIS = NHIE
>> HIS = HIE
>> CHIS = CHIE
> 
> hsp90 = loadPdb "2jjc_protein.pdb"
Loading PDB file: ./2jjc_protein.pdb
Enter zPdbReadScan from call depth  0.
Exit  zPdbReadScan from call depth  0.
Matching PDB residue names to LEaP variables.
Mapped residue VAL, term: Terminal/beginning, seq. number: 0 to: NVAL.
(Residue 1: GLU, Nonterminal, was not found in name map.)
(Residue 2: THR, Nonterminal, was not found in name map.)
(Residue 3: PHE, Nonterminal, was not found in name map.)
(Residue 4: ALA, Nonterminal, was not found in name map.)
(Residue 5: PHE, Nonterminal, was not found in name map.)
(Residue 6: GLN, Nonterminal, was not found in name map.)
(Residue 7: ALA, Nonterminal, was not found in name map.)
(Residue 8: GLU, Nonterminal, was not found in name map.)
(Residue 9: ILE, Nonterminal, was not found in name map.)
(Residue 10: ALA, Nonterminal, was not found in name map.)
(Residue 11: GLN, Nonterminal, was not found in name map.)
(Residue 12: LEU, Nonterminal, was not found in name map.)
(Residue 13: MET, Nonterminal, was not found in name map.)
(Residue 14: SER, Nonterminal, was not found in name map.)
(Residue 15: LEU, Nonterminal, was not found in name map.)
(Residue 16: ILE, Nonterminal, was not found in name map.)
(Residue 17: ILE, Nonterminal, was not found in name map.)
(Residue 18: ASN, Nonterminal, was not found in name map.)
(Residue 19: THR, Nonterminal, was not found in name map.)
(Residue 20: PHE, Nonterminal, was not found in name map.)
(Residue 21: TYR, Nonterminal, was not found in name map.)
(Residue 22: SER, Nonterminal, was not found in name map.)
(Residue 23: ASN, Nonterminal, was not found in name map.)
(Residue 24: LYS, Nonterminal, was not found in name map.)
(Residue 25: GLU, Nonterminal, was not found in name map.)
(Residue 26: ILE, Nonterminal, was not found in name map.)
(Residue 27: PHE, Nonterminal, was not found in name map.)
(Residue 28: LEU, Nonterminal, was not found in name map.)
(Residue 29: ARG, Nonterminal, was not found in name map.)
(Residue 30: GLU, Nonterminal, was not found in name map.)
(Residue 31: LEU, Nonterminal, was not found in name map.)
(Residue 32: ILE, Nonterminal, was not found in name map.)
(Residue 33: SER, Nonterminal, was not found in name map.)
(Residue 34: ASN, Nonterminal, was not found in name map.)
(Residue 35: SER, Nonterminal, was not found in name map.)
(Residue 36: SER, Nonterminal, was not found in name map.)
(Residue 37: ASP, Nonterminal, was not found in name map.)
(Residue 38: ALA, Nonterminal, was not found in name map.)
(Residue 39: LEU, Nonterminal, was not found in name map.)
(Residue 40: ASP, Nonterminal, was not found in name map.)
(Residue 41: LYS, Nonterminal, was not found in name map.)
(Residue 42: ILE, Nonterminal, was not found in name map.)
(Residue 43: ARG, Nonterminal, was not found in name map.)
(Residue 44: TYR, Nonterminal, was not found in name map.)
(Residue 45: GLU, Nonterminal, was not found in name map.)
(Residue 46: SER, Nonterminal, was not found in name map.)
(Residue 47: LEU, Nonterminal, was not found in name map.)
(Residue 48: THR, Nonterminal, was not found in name map.)
(Residue 49: ASP, Nonterminal, was not found in name map.)
(Residue 50: PRO, Nonterminal, was not found in name map.)
(Residue 51: SER, Nonterminal, was not found in name map.)
(Residue 52: LYS, Nonterminal, was not found in name map.)
(Residue 53: LEU, Nonterminal, was not found in name map.)
(Residue 54: ASP, Nonterminal, was not found in name map.)
(Residue 55: SER, Nonterminal, was not found in name map.)
(Residue 56: GLY, Nonterminal, was not found in name map.)
(Residue 57: LYS, Nonterminal, was not found in name map.)
(Residue 58: GLU, Nonterminal, was not found in name map.)
(Residue 59: LEU, Nonterminal, was not found in name map.)
(Residue 60: HIS, Nonterminal, was not found in name map.)
(Residue 61: ILE, Nonterminal, was not found in name map.)
(Residue 62: ASN, Nonterminal, was not found in name map.)
(Residue 63: LEU, Nonterminal, was not found in name map.)
(Residue 64: ILE, Nonterminal, was not found in name map.)
(Residue 65: PRO, Nonterminal, was not found in name map.)
(Residue 66: ASN, Nonterminal, was not found in name map.)
(Residue 67: LYS, Nonterminal, was not found in name map.)
(Residue 68: GLN, Nonterminal, was not found in name map.)
(Residue 69: ASP, Nonterminal, was not found in name map.)
(Residue 70: ARG, Nonterminal, was not found in name map.)
(Residue 71: THR, Nonterminal, was not found in name map.)
(Residue 72: LEU, Nonterminal, was not found in name map.)
(Residue 73: THR, Nonterminal, was not found in name map.)
(Residue 74: ILE, Nonterminal, was not found in name map.)
(Residue 75: VAL, Nonterminal, was not found in name map.)
(Residue 76: ASP, Nonterminal, was not found in name map.)
(Residue 77: THR, Nonterminal, was not found in name map.)
(Residue 78: GLY, Nonterminal, was not found in name map.)
(Residue 79: ILE, Nonterminal, was not found in name map.)
(Residue 80: GLY, Nonterminal, was not found in name map.)
(Residue 81: MET, Nonterminal, was not found in name map.)
(Residue 82: THR, Nonterminal, was not found in name map.)
(Residue 83: LYS, Nonterminal, was not found in name map.)
(Residue 84: ALA, Nonterminal, was not found in name map.)
(Residue 85: ASP, Nonterminal, was not found in name map.)
(Residue 86: LEU, Nonterminal, was not found in name map.)
(Residue 87: ILE, Nonterminal, was not found in name map.)
(Residue 88: ASN, Nonterminal, was not found in name map.)
(Residue 89: ASN, Nonterminal, was not found in name map.)
(Residue 90: LEU, Nonterminal, was not found in name map.)
(Residue 91: GLY, Nonterminal, was not found in name map.)
(Residue 92: THR, Nonterminal, was not found in name map.)
(Residue 93: ILE, Nonterminal, was not found in name map.)
(Residue 94: ALA, Nonterminal, was not found in name map.)
(Residue 95: LYS, Nonterminal, was not found in name map.)
(Residue 96: SER, Nonterminal, was not found in name map.)
(Residue 97: GLY, Nonterminal, was not found in name map.)
(Residue 98: THR, Nonterminal, was not found in name map.)
(Residue 99: LYS, Nonterminal, was not found in name map.)
(Residue 100: ALA, Nonterminal, was not found in name map.)
(Residue 101: PHE, Nonterminal, was not found in name map.)
(Residue 102: MET, Nonterminal, was not found in name map.)
(Residue 103: GLU, Nonterminal, was not found in name map.)
(Residue 104: ALA, Nonterminal, was not found in name map.)
(Residue 105: LEU, Nonterminal, was not found in name map.)
(Residue 106: GLN, Nonterminal, was not found in name map.)
(Residue 107: ALA, Nonterminal, was not found in name map.)
(Residue 108: GLY, Nonterminal, was not found in name map.)
(Residue 109: ALA, Nonterminal, was not found in name map.)
(Residue 110: ASP, Nonterminal, was not found in name map.)
(Residue 111: ILE, Nonterminal, was not found in name map.)
(Residue 112: SER, Nonterminal, was not found in name map.)
(Residue 113: MET, Nonterminal, was not found in name map.)
(Residue 114: ILE, Nonterminal, was not found in name map.)
(Residue 115: GLY, Nonterminal, was not found in name map.)
(Residue 116: GLN, Nonterminal, was not found in name map.)
(Residue 117: PHE, Nonterminal, was not found in name map.)
(Residue 118: GLY, Nonterminal, was not found in name map.)
(Residue 119: VAL, Nonterminal, was not found in name map.)
(Residue 120: GLY, Nonterminal, was not found in name map.)
(Residue 121: PHE, Nonterminal, was not found in name map.)
(Residue 122: TYR, Nonterminal, was not found in name map.)
(Residue 123: SER, Nonterminal, was not found in name map.)
(Residue 124: ALA, Nonterminal, was not found in name map.)
(Residue 125: TYR, Nonterminal, was not found in name map.)
(Residue 126: LEU, Nonterminal, was not found in name map.)
(Residue 127: VAL, Nonterminal, was not found in name map.)
(Residue 128: ALA, Nonterminal, was not found in name map.)
(Residue 129: GLU, Nonterminal, was not found in name map.)
(Residue 130: LYS, Nonterminal, was not found in name map.)
(Residue 131: VAL, Nonterminal, was not found in name map.)
(Residue 132: THR, Nonterminal, was not found in name map.)
(Residue 133: VAL, Nonterminal, was not found in name map.)
(Residue 134: ILE, Nonterminal, was not found in name map.)
(Residue 135: THR, Nonterminal, was not found in name map.)
(Residue 136: LYS, Nonterminal, was not found in name map.)
(Residue 137: HIS, Nonterminal, was not found in name map.)
(Residue 138: ASN, Nonterminal, was not found in name map.)
(Residue 139: ASP, Nonterminal, was not found in name map.)
(Residue 140: ASP, Nonterminal, was not found in name map.)
(Residue 141: GLU, Nonterminal, was not found in name map.)
(Residue 142: GLN, Nonterminal, was not found in name map.)
(Residue 143: TYR, Nonterminal, was not found in name map.)
(Residue 144: ALA, Nonterminal, was not found in name map.)
(Residue 145: TRP, Nonterminal, was not found in name map.)
(Residue 146: GLU, Nonterminal, was not found in name map.)
(Residue 147: SER, Nonterminal, was not found in name map.)
(Residue 148: SER, Nonterminal, was not found in name map.)
(Residue 149: ALA, Nonterminal, was not found in name map.)
(Residue 150: GLY, Nonterminal, was not found in name map.)
(Residue 151: GLY, Nonterminal, was not found in name map.)
(Residue 152: SER, Nonterminal, was not found in name map.)
(Residue 153: PHE, Nonterminal, was not found in name map.)
(Residue 154: THR, Nonterminal, was not found in name map.)
(Residue 155: VAL, Nonterminal, was not found in name map.)
(Residue 156: ARG, Nonterminal, was not found in name map.)
(Residue 157: THR, Nonterminal, was not found in name map.)
(Residue 158: ASP, Nonterminal, was not found in name map.)
(Residue 159: THR, Nonterminal, was not found in name map.)
(Residue 160: GLY, Nonterminal, was not found in name map.)
(Residue 161: GLU, Nonterminal, was not found in name map.)
(Residue 162: PRO, Nonterminal, was not found in name map.)
(Residue 163: MET, Nonterminal, was not found in name map.)
(Residue 164: GLY, Nonterminal, was not found in name map.)
(Residue 165: ARG, Nonterminal, was not found in name map.)
(Residue 166: GLY, Nonterminal, was not found in name map.)
(Residue 167: THR, Nonterminal, was not found in name map.)
(Residue 168: LYS, Nonterminal, was not found in name map.)
(Residue 169: VAL, Nonterminal, was not found in name map.)
(Residue 170: ILE, Nonterminal, was not found in name map.)
(Residue 171: LEU, Nonterminal, was not found in name map.)
(Residue 172: HIS, Nonterminal, was not found in name map.)
(Residue 173: LEU, Nonterminal, was not found in name map.)
(Residue 174: LYS, Nonterminal, was not found in name map.)
(Residue 175: GLU, Nonterminal, was not found in name map.)
(Residue 176: ASP, Nonterminal, was not found in name map.)
(Residue 177: GLN, Nonterminal, was not found in name map.)
(Residue 178: THR, Nonterminal, was not found in name map.)
(Residue 179: GLU, Nonterminal, was not found in name map.)
(Residue 180: TYR, Nonterminal, was not found in name map.)
(Residue 181: LEU, Nonterminal, was not found in name map.)
(Residue 182: GLU, Nonterminal, was not found in name map.)
(Residue 183: GLU, Nonterminal, was not found in name map.)
(Residue 184: ARG, Nonterminal, was not found in name map.)
(Residue 185: ARG, Nonterminal, was not found in name map.)
(Residue 186: ILE, Nonterminal, was not found in name map.)
(Residue 187: LYS, Nonterminal, was not found in name map.)
(Residue 188: GLU, Nonterminal, was not found in name map.)
(Residue 189: ILE, Nonterminal, was not found in name map.)
(Residue 190: VAL, Nonterminal, was not found in name map.)
(Residue 191: LYS, Nonterminal, was not found in name map.)
(Residue 192: LYS, Nonterminal, was not found in name map.)
(Residue 193: HIS, Nonterminal, was not found in name map.)
(Residue 194: SER, Nonterminal, was not found in name map.)
(Residue 195: GLN, Nonterminal, was not found in name map.)
(Residue 196: PHE, Nonterminal, was not found in name map.)
(Residue 197: ILE, Nonterminal, was not found in name map.)
(Residue 198: GLY, Nonterminal, was not found in name map.)
(Residue 199: TYR, Nonterminal, was not found in name map.)
(Residue 200: PRO, Nonterminal, was not found in name map.)
(Residue 201: ILE, Nonterminal, was not found in name map.)
(Residue 202: THR, Nonterminal, was not found in name map.)
(Residue 203: LEU, Nonterminal, was not found in name map.)
(Residue 204: PHE, Nonterminal, was not found in name map.)
(Residue 205: VAL, Nonterminal, was not found in name map.)
Mapped residue GLU, term: Terminal/last, seq. number: 206 to: CGLU.
Joining NVAL - GLU
Joining GLU - THR
Joining THR - PHE
Joining PHE - ALA
Joining ALA - PHE
Joining PHE - GLN
Joining GLN - ALA
Joining ALA - GLU
Joining GLU - ILE
Joining ILE - ALA
Joining ALA - GLN
Joining GLN - LEU
Joining LEU - MET
Joining MET - SER
Joining SER - LEU
Joining LEU - ILE
Joining ILE - ILE
Joining ILE - ASN
Joining ASN - THR
Joining THR - PHE
Joining PHE - TYR
Joining TYR - SER
Joining SER - ASN
Joining ASN - LYS
Joining LYS - GLU
Joining GLU - ILE
Joining ILE - PHE
Joining PHE - LEU
Joining LEU - ARG
Joining ARG - GLU
Joining GLU - LEU
Joining LEU - ILE
Joining ILE - SER
Joining SER - ASN
Joining ASN - SER
Joining SER - SER
Joining SER - ASP
Joining ASP - ALA
Joining ALA - LEU
Joining LEU - ASP
Joining ASP - LYS
Joining LYS - ILE
Joining ILE - ARG
Joining ARG - TYR
Joining TYR - GLU
Joining GLU - SER
Joining SER - LEU
Joining LEU - THR
Joining THR - ASP
Joining ASP - PRO
Joining PRO - SER
Joining SER - LYS
Joining LYS - LEU
Joining LEU - ASP
Joining ASP - SER
Joining SER - GLY
Joining GLY - LYS
Joining LYS - GLU
Joining GLU - LEU
Joining LEU - HIE
Joining HIE - ILE
Joining ILE - ASN
Joining ASN - LEU
Joining LEU - ILE
Joining ILE - PRO
Joining PRO - ASN
Joining ASN - LYS
Joining LYS - GLN
Joining GLN - ASP
Joining ASP - ARG
Joining ARG - THR
Joining THR - LEU
Joining LEU - THR
Joining THR - ILE
Joining ILE - VAL
Joining VAL - ASP
Joining ASP - THR
Joining THR - GLY
Joining GLY - ILE
Joining ILE - GLY
Joining GLY - MET
Joining MET - THR
Joining THR - LYS
Joining LYS - ALA
Joining ALA - ASP
Joining ASP - LEU
Joining LEU - ILE
Joining ILE - ASN
Joining ASN - ASN
Joining ASN - LEU
Joining LEU - GLY
Joining GLY - THR
Joining THR - ILE
Joining ILE - ALA
Joining ALA - LYS
Joining LYS - SER
Joining SER - GLY
Joining GLY - THR
Joining THR - LYS
Joining LYS - ALA
Joining ALA - PHE
Joining PHE - MET
Joining MET - GLU
Joining GLU - ALA
Joining ALA - LEU
Joining LEU - GLN
Joining GLN - ALA
Joining ALA - GLY
Joining GLY - ALA
Joining ALA - ASP
Joining ASP - ILE
Joining ILE - SER
Joining SER - MET
Joining MET - ILE
Joining ILE - GLY
Joining GLY - GLN
Joining GLN - PHE
Joining PHE - GLY
Joining GLY - VAL
Joining VAL - GLY
Joining GLY - PHE
Joining PHE - TYR
Joining TYR - SER
Joining SER - ALA
Joining ALA - TYR
Joining TYR - LEU
Joining LEU - VAL
Joining VAL - ALA
Joining ALA - GLU
Joining GLU - LYS
Joining LYS - VAL
Joining VAL - THR
Joining THR - VAL
Joining VAL - ILE
Joining ILE - THR
Joining THR - LYS
Joining LYS - HIE
Joining HIE - ASN
Joining ASN - ASP
Joining ASP - ASP
Joining ASP - GLU
Joining GLU - GLN
Joining GLN - TYR
Joining TYR - ALA
Joining ALA - TRP
Joining TRP - GLU
Joining GLU - SER
Joining SER - SER
Joining SER - ALA
Joining ALA - GLY
Joining GLY - GLY
Joining GLY - SER
Joining SER - PHE
Joining PHE - THR
Joining THR - VAL
Joining VAL - ARG
Joining ARG - THR
Joining THR - ASP
Joining ASP - THR
Joining THR - GLY
Joining GLY - GLU
Joining GLU - PRO
Joining PRO - MET
Joining MET - GLY
Joining GLY - ARG
Joining ARG - GLY
Joining GLY - THR
Joining THR - LYS
Joining LYS - VAL
Joining VAL - ILE
Joining ILE - LEU
Joining LEU - HIE
Joining HIE - LEU
Joining LEU - LYS
Joining LYS - GLU
Joining GLU - ASP
Joining ASP - GLN
Joining GLN - THR
Joining THR - GLU
Joining GLU - TYR
Joining TYR - LEU
Joining LEU - GLU
Joining GLU - GLU
Joining GLU - ARG
Joining ARG - ARG
Joining ARG - ILE
Joining ILE - LYS
Joining LYS - GLU
Joining GLU - ILE
Joining ILE - VAL
Joining VAL - LYS
Joining LYS - LYS
Joining LYS - HIE
Joining HIE - SER
Joining SER - GLN
Joining GLN - PHE
Joining PHE - ILE
Joining ILE - GLY
Joining GLY - TYR
Joining TYR - PRO
Joining PRO - ILE
Joining ILE - THR
Joining THR - LEU
Joining LEU - PHE
Joining PHE - VAL
Joining VAL - CGLU
  total atoms in file: 1627
  Leap added 1631 missing atoms according to residue templates:
       1631 H / lone pairs
> saveAmberParm hsp90 hsp90.top hsp90.crd
Checking Unit.
WARNING: The unperturbed charge of the unit: -7.000000 is not zero.

 -- ignoring the warning.

Building topology.
Building atom parameters.
Building bond parameters.
Building angle parameters.
Building proper torsion parameters.
Building improper torsion parameters.
 ** Warning: No sp2 improper torsion term for  C*-CN-CB-CA
        atoms are: CG CE2 CD2 CE3
 ** Warning: No sp2 improper torsion term for  NA-CA-CN-CB
        atoms are: NE1 CZ2 CE2 CD2
 total 627 improper torsions applied
Building H-Bond parameters.
Incorporating Non-Bonded adjustments.
Not Marking per-residue atom chain types.
Marking per-residue atom chain types.
  (Residues lacking connect0/connect1 - 
   these don't have chain types marked:

	res	total affected

	CGLU	1
	NVAL	1
  )
 (no restraints)
> quit
	Quit
