            --------------------------------------------------------
                             AMBER SQM VERSION 17
 
                                     By
              Ross C. Walker, Michael F. Crowley, Scott Brozell,
                         Tim Giese, Andreas W. Goetz,
                        Tai-Sung Lee and David A. Case
 
            --------------------------------------------------------
 

--------------------------------------------------------------------------------
  QM CALCULATION INFO
--------------------------------------------------------------------------------

| QMMM: Citation for AMBER QMMM Run:
| QMMM: R.C. Walker, M.F. Crowley and D.A. Case, J. COMP. CHEM. 29:1019, 2008

QMMM: SINGLET STATE CALCULATION
QMMM: RHF CALCULATION, NO. OF DOUBLY OCCUPIED LEVELS = 55

| QMMM: *** Selected Hamiltonian *** 
| QMMM: AM1         

| QMMM: *** Parameter sets in use ***
| QMMM: N : M.J.S.DEWAR et al. JACS, 107, 3902, (1985)
| QMMM: C : M.J.S.DEWAR et al. JACS, 107, 3902, (1985)
| QMMM: Cl: M.J.S.DEWAR et al. THEOCHEM, 180, 1, (1988)
| QMMM: H : M.J.S.DEWAR et al. JACS, 107, 3902, (1985)

| QMMM: *** SCF convergence criteria ***
| QMMM: Energy change                :  0.1D-09 kcal/mol
| QMMM: Error matrix |FP-PF|         :  0.1D+00 au
| QMMM: Density matrix change        :  0.5D-06
| QMMM: Maximum number of SCF cycles :     1000

| QMMM: *** Diagonalization Routine Information ***
| QMMM: Pseudo diagonalizations are allowed.
| QMMM: Auto diagonalization routine selection is in use.
| QMMM:
| QMMM: Timing diagonalization routines:
| QMMM:                              norbs =      101
| QMMM:    diag iterations used for timing =       10
| QMMM:
| QMMM:              Internal diag routine = 0.023232 seconds
| QMMM:                 Dspev diag routine = 0.024855 seconds
| QMMM:                Dspevd diag routine = 0.016750 seconds
| QMMM:                Dspevx diag routine = 0.080016 seconds
| QMMM:                 Dsyev diag routine = 0.028496 seconds
| QMMM:                Dsyevd diag routine = 0.020535 seconds
| QMMM:                Dsyevr diag routine = 0.021808 seconds
| QMMM:
| QMMM:                Pseudo diag routine = 0.009706 seconds
| QMMM:
| QMMM: Using dspevd routine (diag_routine=3).

  QMMM: QM Region Cartesian Coordinates (*=link atom) 
  QMMM: QM_NO.   MM_NO.  ATOM         X         Y         Z
  QMMM:     1        1      N        0.4610   10.1750   24.4240
  QMMM:     2        2      N        0.4450   12.1180   23.6900
  QMMM:     3        3      N        0.1860   12.1630   24.1090
  QMMM:     4        4      C        0.5860   10.2580   23.8460
  QMMM:     5        5      C        0.4510   11.7280   24.2080
  QMMM:     6        6      C        0.6140   12.5280   24.2290
  QMMM:     7        7      C        0.5340   13.8980   24.5380
  QMMM:     8        8      C        0.2860   14.4760   24.8250
  QMMM:     9        9      C        0.1240   13.6820   24.8080
  QMMM:    10       10      C        0.1870   12.3020   24.5090
  QMMM:    11       11      C        0.0640   11.5220   24.5080
  QMMM:    12       12      C        0.1000   10.1600   24.8760
  QMMM:    13       13      C        0.3530    9.5150   24.8280
  QMMM:    14       14      C        0.3140   11.4560   24.0920
  QMMM:    15       15      C        0.5170    8.0940   25.1750
  QMMM:    16       16      C        0.3780    7.1190   24.1620
  QMMM:    17       17      C        0.5290    5.7490   24.4480
  QMMM:    18       18      C        0.8190    5.3340   25.7600
  QMMM:    19       19      C        0.9520    6.2920   26.7820
  QMMM:    20       20      C        0.8000    7.6640   26.4970
  QMMM:    21       21      Cl       0.0060    3.6560   26.1170
  QMMM:    22       22      Cl       0.9440    8.7960   27.7960
  QMMM:    23       23      H        0.3340   11.6410   23.6740
  QMMM:    24       24      H        0.4010   13.0950   23.4420
  QMMM:    25       25      H        0.1740    5.9710   27.8000
  QMMM:    26       26      H        0.4880   10.1380   22.7670
  QMMM:    27       27      H        0.5820   12.0800   24.0040
  QMMM:    28       28      H        0.4370   14.5090   24.5550
  QMMM:    29       29      H        0.2180   15.5380   25.0610
  QMMM:    30       30      H        0.1590   14.1390   25.0290
  QMMM:    31       31      H        0.8010    9.6300   25.1840
  QMMM:    32       32      H        0.1500    7.4330   23.1430
  QMMM:    33       33      H        0.4210    5.0110   23.6530
  QMMM:    34       34      H        0.8060    9.6860   24.3480
  QMMM:    35       35      H        0.5630    9.8940   24.1640

--------------------------------------------------------------------------------
  RESULTS
--------------------------------------------------------------------------------


QMMM: ERROR!
QMMM: Unable to achieve self consistency to the tolerances specified
QMMM: No convergence in SCF after   1000 steps.
QMMM: E =  -0.7246E+06 DeltaE =  -0.9998E-02 DeltaP =   0.9623E-03
QMMM: Smallest DeltaE =   0.2593E-03 DeltaP =   0.5194E-03 Step =    814

