            --------------------------------------------------------
                             AMBER SQM VERSION 17
 
                                     By
              Ross C. Walker, Michael F. Crowley, Scott Brozell,
                         Tim Giese, Andreas W. Goetz,
                        Tai-Sung Lee and David A. Case
 
            --------------------------------------------------------
 

--------------------------------------------------------------------------------
  QM CALCULATION INFO
--------------------------------------------------------------------------------

| QMMM: Citation for AMBER QMMM Run:
| QMMM: R.C. Walker, M.F. Crowley and D.A. Case, J. COMP. CHEM. 29:1019, 2008

QMMM: SINGLET STATE CALCULATION
QMMM: RHF CALCULATION, NO. OF DOUBLY OCCUPIED LEVELS = 87

| QMMM: *** Selected Hamiltonian *** 
| QMMM: AM1         

| QMMM: *** Parameter sets in use ***
| QMMM: O : M.J.S.DEWAR et al. JACS, 107, 3902, (1985)
| QMMM: C : M.J.S.DEWAR et al. JACS, 107, 3902, (1985)
| QMMM: N : M.J.S.DEWAR et al. JACS, 107, 3902, (1985)
| QMMM: S : M.J.S.DEWAR et al. INORG. CHEM., 29, 3881, (1990)
| QMMM: Br: M.J.S.DEWAR et al. THEOCHEM, 180, 1, (1988)
| QMMM: H : M.J.S.DEWAR et al. JACS, 107, 3902, (1985)

| QMMM: *** SCF convergence criteria ***
| QMMM: Energy change                :  0.1D-09 kcal/mol
| QMMM: Error matrix |FP-PF|         :  0.1D+00 au
| QMMM: Density matrix change        :  0.5D-06
| QMMM: Maximum number of SCF cycles :     1000

| QMMM: *** Diagonalization Routine Information ***
| QMMM: Pseudo diagonalizations are allowed.
| QMMM: Auto diagonalization routine selection is in use.
| QMMM:
| QMMM: Timing diagonalization routines:
| QMMM:                              norbs =      156
| QMMM:    diag iterations used for timing =        5
| QMMM:
| QMMM:              Internal diag routine = 0.032697 seconds
| QMMM:                 Dspev diag routine = 0.032300 seconds
| QMMM:                Dspevd diag routine = 0.011967 seconds
| QMMM:                Dspevx diag routine = 0.070276 seconds
| QMMM:                 Dsyev diag routine = 0.030439 seconds
| QMMM:                Dsyevd diag routine = 0.013406 seconds
| QMMM:                Dsyevr diag routine = 0.017007 seconds
| QMMM:
| QMMM:                Pseudo diag routine = 0.020049 seconds
| QMMM: Pseudo diagonalization appears to be slower than regular
| QMMM: diagonalization. Setting pseudo_diag=0 for optimum performance.
| QMMM:
| QMMM: Using dspevd routine (diag_routine=3).

  QMMM: QM Region Cartesian Coordinates (*=link atom) 
  QMMM: QM_NO.   MM_NO.  ATOM         X         Y         Z
  QMMM:     1        1      O        3.8210    2.9250    8.1040
  QMMM:     2        2      C        4.4170    2.0770    7.2410
  QMMM:     3        3      O        5.2130    1.2200    7.5940
  QMMM:     4        4      C        4.0660    2.3050    5.8160
  QMMM:     5        5      C        2.8040    2.7680    5.4210
  QMMM:     6        6      C        2.5280    2.9540    4.0650
  QMMM:     7        7      C        3.5020    2.6740    3.1050
  QMMM:     8        8      C        4.7630    2.1860    3.4820
  QMMM:     9        9      C        5.8120    1.8720    2.4350
  QMMM:    10       10      N        6.2520    0.4920    2.4440
  QMMM:    11       11      C        7.5450    0.0910    2.7870
  QMMM:    12       12      O        8.4760    0.8230    3.0950
  QMMM:    13       13      C        7.6040   -1.4610    2.7180
  QMMM:    14       14      C        7.8480   -2.0300    4.1270
  QMMM:    15       15      C        9.3150   -2.0430    4.5400
  QMMM:    16       16      N       10.1550   -2.6510    3.4940
  QMMM:    17       17      C       10.0810   -1.9350    2.2110
  QMMM:    18       18      C        8.6530   -1.8830    1.6710
  QMMM:    19       19      S       10.3760   -4.3320    3.4860
  QMMM:    20       20      O        9.0950   -4.9580    3.7020
  QMMM:    21       21      O       11.2030   -4.6920    2.3440
  QMMM:    22       22      C       11.3540   -4.7740    4.9160
  QMMM:    23       23      C       11.1130   -5.6120    5.9910
  QMMM:    24       24      C       12.1890   -5.6200    6.9290
  QMMM:    25       25      C       13.2240   -4.8040    6.5300
  QMMM:    26       26      S       12.9010   -4.0460    5.0290
  QMMM:    27       27      C        6.1820   -1.7820    2.2760
  QMMM:    28       28      C        5.5750   -3.0200    2.0910
  QMMM:    29       29      C        4.2150   -3.0490    1.7660
  QMMM:    30       30      Br       3.3370   -4.7090    1.5410
  QMMM:    31       31      C        3.4800   -1.8650    1.6180
  QMMM:    32       32      C        4.1010   -0.6270    1.7940
  QMMM:    33       33      C        5.4430   -0.6070    2.1390
  QMMM:    34       34      C        5.0340    2.0030    4.8470
  QMMM:    35       35      H        2.0820    2.9710    6.1290
  QMMM:    36       36      H        1.6010    3.2990    3.7720
  QMMM:    37       37      H        3.2930    2.8280    2.1070
  QMMM:    38       38      H        6.6620    2.4980    2.6110
  QMMM:    39       39      H        5.3630    2.0500    1.4800
  QMMM:    40       40      H        7.4820   -3.0350    4.1520
  QMMM:    41       41      H        7.3370   -1.3890    4.8140
  QMMM:    42       42      H        9.4190   -2.6080    5.4430
  QMMM:    43       43      H        9.6360   -1.0330    4.6890
  QMMM:    44       44      H       10.7020   -2.4360    1.4980
  QMMM:    45       45      H       10.4120   -0.9300    2.3720
  QMMM:    46       46      H        8.6240   -1.1810    0.8630
  QMMM:    47       47      H        8.4020   -2.8760    1.3620
  QMMM:    48       48      H       10.2510   -6.1680    6.1030
  QMMM:    49       49      H       12.1910   -6.1720    7.8010
  QMMM:    50       50      H       14.0910   -4.6650    7.0720
  QMMM:    51       51      H        6.1140   -3.8940    2.1910
  QMMM:    52       52      H        2.4770   -1.9080    1.3790
  QMMM:    53       53      H        3.5740    0.2520    1.6700
  QMMM:    54       54      H        5.9550    1.6420    5.1400

--------------------------------------------------------------------------------
  RESULTS
--------------------------------------------------------------------------------

      iter         sqm energy              rms gradient
      ----    -------------------    -----------------------
xmin    10      189.8142 kcal/mol        1.4484 kcal/(mol*A)
xmin    20      184.7394 kcal/mol        0.8506 kcal/(mol*A)
xmin    30      183.8397 kcal/mol        0.4447 kcal/(mol*A)
xmin    40      182.9094 kcal/mol        1.6373 kcal/(mol*A)
xmin    50      182.4158 kcal/mol        0.5462 kcal/(mol*A)
xmin    60      181.7255 kcal/mol        0.6710 kcal/(mol*A)
xmin    70      180.8281 kcal/mol        0.5801 kcal/(mol*A)
xmin    80      180.2074 kcal/mol        0.7357 kcal/(mol*A)
xmin    90      179.8224 kcal/mol        0.5255 kcal/(mol*A)
xmin   100      179.6706 kcal/mol        0.3247 kcal/(mol*A)
xmin   110      179.5342 kcal/mol        0.1393 kcal/(mol*A)
xmin   120      179.4801 kcal/mol        0.1174 kcal/(mol*A)
xmin   130      179.4155 kcal/mol        0.3565 kcal/(mol*A)
xmin   140      179.2893 kcal/mol        0.2017 kcal/(mol*A)
xmin   150      179.1453 kcal/mol        0.2622 kcal/(mol*A)
xmin   160      179.0715 kcal/mol        0.2067 kcal/(mol*A)
xmin   170      179.0102 kcal/mol        0.1312 kcal/(mol*A)
xmin   180      178.9712 kcal/mol        0.3054 kcal/(mol*A)
xmin   190      178.9357 kcal/mol        0.0643 kcal/(mol*A)
xmin   200      178.9217 kcal/mol        0.0655 kcal/(mol*A)
xmin   210      178.9169 kcal/mol        0.0978 kcal/(mol*A)
xmin   220      178.8590 kcal/mol        0.0868 kcal/(mol*A)
xmin   230      178.8234 kcal/mol        0.0944 kcal/(mol*A)
xmin   240      178.7881 kcal/mol        0.1360 kcal/(mol*A)
xmin   250      178.7597 kcal/mol        0.3500 kcal/(mol*A)
xmin   260      178.7098 kcal/mol        0.1826 kcal/(mol*A)
xmin   270      178.6832 kcal/mol        0.1312 kcal/(mol*A)
xmin   280      178.6544 kcal/mol        0.5646 kcal/(mol*A)
xmin   290      178.5594 kcal/mol        0.4925 kcal/(mol*A)
xmin   300      178.1503 kcal/mol        0.4667 kcal/(mol*A)
xmin   310      176.9656 kcal/mol        0.8835 kcal/(mol*A)
xmin   320      176.1729 kcal/mol        0.4492 kcal/(mol*A)
xmin   330      175.6508 kcal/mol        0.3227 kcal/(mol*A)
xmin   340      175.5423 kcal/mol        0.1696 kcal/(mol*A)
xmin   350      175.4427 kcal/mol        0.1954 kcal/(mol*A)
xmin   360      175.3792 kcal/mol        0.2104 kcal/(mol*A)
xmin   370      175.3198 kcal/mol        0.1524 kcal/(mol*A)
xmin   380      175.2839 kcal/mol        0.1072 kcal/(mol*A)
xmin   390      175.2486 kcal/mol        0.0683 kcal/(mol*A)
xmin   400      175.2191 kcal/mol        0.0979 kcal/(mol*A)
xmin   410      175.1917 kcal/mol        0.1754 kcal/(mol*A)
xmin   420      175.1540 kcal/mol        0.1008 kcal/(mol*A)
xmin   430      175.1407 kcal/mol        0.2577 kcal/(mol*A)
xmin   440      175.1218 kcal/mol        0.0963 kcal/(mol*A)
xmin   450      175.1186 kcal/mol        0.0855 kcal/(mol*A)
xmin   460      175.1164 kcal/mol        0.0261 kcal/(mol*A)
xmin   470      175.1143 kcal/mol        0.0544 kcal/(mol*A)
xmin   480      175.1121 kcal/mol        0.0125 kcal/(mol*A)
xmin   490      175.1113 kcal/mol        0.0107 kcal/(mol*A)
xmin   500      175.1112 kcal/mol        0.0050 kcal/(mol*A)
xmin   510      175.1111 kcal/mol        0.0041 kcal/(mol*A)
xmin   520      175.1111 kcal/mol        0.0079 kcal/(mol*A)
xmin   530      175.1110 kcal/mol        0.0138 kcal/(mol*A)
xmin   540      175.1109 kcal/mol        0.0028 kcal/(mol*A)
xmin   550      175.1108 kcal/mol        0.0026 kcal/(mol*A)
xmin   560      175.1108 kcal/mol        0.0009 kcal/(mol*A)
xmin   570      175.1108 kcal/mol        0.0010 kcal/(mol*A)
xmin   580      175.1108 kcal/mol        0.0006 kcal/(mol*A)
  ... geometry converged !
 
 Final MO eigenvalues (eV):
 -45.5912  -44.7328  -44.5458  -43.2504  -41.7909  -41.4362  -40.0602  -39.7528
 -39.3070  -38.5138  -38.2170  -36.9987  -36.3560  -34.9529  -34.1574  -33.5236
 -32.7161  -32.5275  -30.8380  -29.1495  -28.1060  -27.6769  -26.8554  -26.7853
 -26.1435  -25.7592  -25.2485  -24.8337  -23.4046  -23.0046  -22.7132  -22.1780
 -21.6450  -21.6252  -21.6160  -21.4843  -21.1851  -20.8809  -20.4665  -20.1919
 -20.0815  -19.7697  -19.4616  -19.1039  -18.9615  -18.6596  -18.5763  -18.2893
 -18.0636  -17.9633  -17.9212  -17.7099  -17.5857  -17.3858  -17.1623  -17.0582
 -16.8036  -16.6606  -16.6010  -16.5818  -16.5144  -16.1604  -15.7263  -15.6808
 -15.6077  -15.4698  -15.3891  -15.3398  -15.1560  -14.9064  -14.8131  -14.7078
 -14.5837  -14.4660  -14.2811  -14.1225  -14.0766  -13.9525  -13.6963  -13.5654
 -13.3159  -13.1962  -12.4874  -12.1570  -11.9152  -11.4725  -11.2953   -7.0488
  -5.1384   -4.9317   -2.7146   -2.6465   -2.4181   -2.3889   -2.3804   -2.3706
  -2.2411   -1.8953   -1.8876   -1.6748   -1.3856   -1.3036   -1.2883   -1.1942
  -1.1629   -1.0460   -0.9075   -0.7006   -0.4360   -0.2986   -0.2858   -0.1161
  -0.0615    0.0122    0.1313    0.2494    0.4045    0.4652    0.4846    0.5683
   0.5860    0.8054    1.0843    1.1605    1.2055    1.4728    1.4811    1.5316
   1.6399    1.7741    1.8706    1.9278    1.9386    1.9765    2.0933    2.1664
   2.1789    2.2385    2.2585    2.3035    2.3646    2.4368    2.4676    2.5076
   2.5755    2.6002    2.6874    2.7474    2.8690    3.0910    3.1438    3.2181
   3.2758    3.4631    3.6347    3.6491

 Heat of formation   =        175.11080163 kcal/mol  (        7.59337417 eV)

 Total SCF energy    =    -140526.17212526 kcal/mol  (    -6093.67209251 eV)
 Electronic energy   =   -1151943.75748925 kcal/mol  (   -49952.02972504 eV)
 Core-core repulsion =    1011417.58536399 kcal/mol  (    43858.35763254 eV)
 
    Atomic Charges for Step       1 :
  Atom    Element       Mulliken Charge
     1      O                 -0.120
     2      C                  0.457
     3      O                 -0.324
     4      C                  0.334
     5      C                 -0.120
     6      C                 -0.068
     7      C                 -0.119
     8      C                 -0.028
     9      C                  0.028
    10      N                 -0.302
    11      C                  0.321
    12      O                 -0.350
    13      C                  0.005
    14      C                 -0.160
    15      C                 -0.011
    16      N                 -0.829
    17      C                 -0.017
    18      C                 -0.160
    19      S                  2.893
    20      O                 -0.929
    21      O                 -0.930
    22      C                 -1.229
    23      C                 -0.028
    24      C                 -0.179
    25      C                 -0.445
    26      S                  0.824
    27      C                 -0.125
    28      C                 -0.044
    29      C                 -0.184
    30      Br                 0.099
    31      C                 -0.066
    32      C                 -0.159
    33      C                  0.052
    34      C                 -0.122
    35      H                  0.246
    36      H                  0.210
    37      H                  0.197
    38      H                  0.135
    39      H                  0.133
    40      H                  0.119
    41      H                  0.093
    42      H                  0.118
    43      H                  0.083
    44      H                  0.124
    45      H                  0.088
    46      H                  0.102
    47      H                  0.118
    48      H                  0.176
    49      H                  0.168
    50      H                  0.186
    51      H                  0.170
    52      H                  0.161
    53      H                  0.135
    54      H                  0.275
 Total Mulliken Charge =       1.000
 
                  X        Y        Z     TOTAL  
  QM DIPOLE    23.551   13.214   25.024   36.817
 
 Final Structure

  QMMM: QM Region Cartesian Coordinates (*=link atom) 
  QMMM: QM_NO.   MM_NO.  ATOM         X         Y         Z
  QMMM:     1        1      O        7.0611    2.2944   10.0373
  QMMM:     2        2      C        6.3498    2.4178    9.1037
  QMMM:     3        3      O        5.6188    2.5478    8.1613
  QMMM:     4        4      C        4.8196    2.4322    5.8708
  QMMM:     5        5      C        3.5871    2.9560    6.0397
  QMMM:     6        6      C        2.9425    2.9764    4.7718
  QMMM:     7        7      C        3.6011    2.4981    3.6298
  QMMM:     8        8      C        4.9068    1.9874    3.6686
  QMMM:     9        9      C        5.6275    1.5042    2.4307
  QMMM:    10       10      N        5.8723    0.0998    2.4127
  QMMM:    11       11      C        7.0031   -0.5261    3.0038
  QMMM:    12       12      O        7.7355    0.0707    3.8026
  QMMM:    13       13      C        7.0865   -1.9962    2.5134
  QMMM:    14       14      C        6.9617   -2.9565    3.6899
  QMMM:    15       15      C        8.2414   -3.0077    4.5308
  QMMM:    16       16      N        9.4271   -3.2358    3.7517
  QMMM:    17       17      C        9.5991   -2.3077    2.6670
  QMMM:    18       18      C        8.3817   -2.2222    1.7414
  QMMM:    19       19      S       10.4145   -4.5285    3.9957
  QMMM:    20       20      O        9.6488   -5.5666    4.5665
  QMMM:    21       21      O       11.0814   -4.8077    2.7848
  QMMM:    22       22      C       11.5107   -3.9892    5.1114
  QMMM:    23       23      C       11.3351   -4.2859    6.4753
  QMMM:    24       24      C       12.3911   -3.7928    7.2707
  QMMM:    25       25      C       13.3368   -3.1399    6.4832
  QMMM:    26       26      S       12.9276   -3.1601    4.9017
  QMMM:    27       27      C        5.8845   -2.0840    1.5999
  QMMM:    28       28      C        5.4141   -3.1501    0.8613
  QMMM:    29       29      C        4.2620   -2.9732    0.0726
  QMMM:    30       30      Br       3.6085   -4.4058   -0.9326
  QMMM:    31       31      C        3.6106   -1.7405    0.0366
  QMMM:    32       32      C        4.0746   -0.6482    0.7808
  QMMM:    33       33      C        5.2115   -0.8220    1.5638
  QMMM:    34       34      C        5.6180    1.9364    4.9112
  QMMM:    35       35      H        3.1263    3.3133    6.9737
  QMMM:    36       36      H        1.9141    3.3752    4.7212
  QMMM:    37       37      H        3.0650    2.5244    2.6620
  QMMM:    38       38      H        6.6191    2.0514    2.3893
  QMMM:    39       39      H        5.0173    1.7949    1.5255
  QMMM:    40       40      H        6.7308   -3.9772    3.2829
  QMMM:    41       41      H        6.1111   -2.6510    4.3508
  QMMM:    42       42      H        8.1333   -3.8354    5.2909
  QMMM:    43       43      H        8.3413   -2.0246    5.0793
  QMMM:    44       44      H       10.4911   -2.6193    2.0490
  QMMM:    45       45      H        9.7929   -1.2769    3.0884
  QMMM:    46       46      H        8.5473   -1.3898    1.0105
  QMMM:    47       47      H        8.2760   -3.1756    1.1580
  QMMM:    48       48      H       10.4862   -4.8595    6.8658
  QMMM:    49       49      H       12.4550   -3.9207    8.3534
  QMMM:    50       50      H       14.2481   -2.6827    6.8745
  QMMM:    51       51      H        5.9355   -4.1216    0.8894
  QMMM:    52       52      H        2.7107   -1.6072   -0.5879
  QMMM:    53       53      H        3.5428    0.3112    0.7301
  QMMM:    54       54      H        6.6487    1.5314    4.9802

           --------- Calculation Completed ----------

