            --------------------------------------------------------
                             AMBER SQM VERSION 17
 
                                     By
              Ross C. Walker, Michael F. Crowley, Scott Brozell,
                         Tim Giese, Andreas W. Goetz,
                        Tai-Sung Lee and David A. Case
 
            --------------------------------------------------------
 

--------------------------------------------------------------------------------
  QM CALCULATION INFO
--------------------------------------------------------------------------------

| QMMM: Citation for AMBER QMMM Run:
| QMMM: R.C. Walker, M.F. Crowley and D.A. Case, J. COMP. CHEM. 29:1019, 2008

QMMM: SINGLET STATE CALCULATION
QMMM: RHF CALCULATION, NO. OF DOUBLY OCCUPIED LEVELS = 15

| QMMM: *** Selected Hamiltonian *** 
| QMMM: AM1         

| QMMM: *** Parameter sets in use ***
| QMMM: C : M.J.S.DEWAR et al. JACS, 107, 3902, (1985)
| QMMM: H : M.J.S.DEWAR et al. JACS, 107, 3902, (1985)

| QMMM: *** SCF convergence criteria ***
| QMMM: Energy change                :  0.1D-09 kcal/mol
| QMMM: Error matrix |FP-PF|         :  0.1D+00 au
| QMMM: Density matrix change        :  0.5D-06
| QMMM: Maximum number of SCF cycles :     1000

| QMMM: *** Diagonalization Routine Information ***
| QMMM: Pseudo diagonalizations are allowed.
| QMMM: Auto diagonalization routine selection is in use.
| QMMM:
| QMMM: Timing diagonalization routines:
| QMMM:                              norbs =       30
| QMMM:    diag iterations used for timing =       20
| QMMM:
| QMMM:              Internal diag routine = 0.002169 seconds
| QMMM:                 Dspev diag routine = 0.002301 seconds
| QMMM:                Dspevd diag routine = 0.001710 seconds
| QMMM:                Dspevx diag routine = 0.009409 seconds
| QMMM:                 Dsyev diag routine = 0.003836 seconds
| QMMM:                Dsyevd diag routine = 0.001901 seconds
| QMMM:                Dsyevr diag routine = 0.002227 seconds
| QMMM:
| QMMM:                Pseudo diag routine = 0.000556 seconds
| QMMM:
| QMMM: Using dspevd routine (diag_routine=3).

  QMMM: QM Region Cartesian Coordinates (*=link atom) 
  QMMM: QM_NO.   MM_NO.  ATOM         X         Y         Z
  QMMM:     1        1      C       -0.7600    1.1690   -0.0010
  QMMM:     2        2      C        0.6330    1.2450   -0.0010
  QMMM:     3        3      C        1.3950    0.0770    0.0000
  QMMM:     4        4      C        0.7640   -1.1680    0.0030
  QMMM:     5        5      C       -0.6290   -1.2430    0.0000
  QMMM:     6        6      C       -1.3910   -0.0750   -0.0020
  QMMM:     7        7      H       -1.3540    2.0790    0.0010
  QMMM:     8        8      H        1.1240    2.2140   -0.0030
  QMMM:     9        9      H        2.4800    0.1350   -0.0000
  QMMM:    10       10      H        1.3580   -2.0780    0.0060
  QMMM:    11       11      H       -1.1200   -2.2130   -0.0000
  QMMM:    12       12      H       -2.4760   -0.1340   -0.0030

--------------------------------------------------------------------------------
  RESULTS
--------------------------------------------------------------------------------

      iter         sqm energy              rms gradient
      ----    -------------------    -----------------------
xmin    10       21.9332 kcal/mol        0.0032 kcal/(mol*A)
  ... geometry converged !
 
 Final MO eigenvalues (eV):
 -39.1465  -31.3700  -31.3700  -23.0602  -23.0602  -17.8556  -16.1226  -15.4003
 -14.1607  -14.1607  -13.3812  -11.8881  -11.8881   -9.6529   -9.6529    0.5547
   0.5547    2.9778    4.0360    4.0360    4.0476    4.1928    4.5985    4.5985
   5.1230    5.1230    5.6120    5.6120    5.7290    6.1333

 Heat of formation   =         21.93322328 kcal/mol  (        0.95109593 eV)

 Total SCF energy    =     -19609.69494760 kcal/mol  (     -850.34018246 eV)
 Electronic energy   =     -75026.88235978 kcal/mol  (    -3253.40975499 eV)
 Core-core repulsion =      55417.18741218 kcal/mol  (     2403.06957253 eV)
 
    Atomic Charges for Step       1 :
  Atom    Element       Mulliken Charge
     1      C                 -0.130
     2      C                 -0.130
     3      C                 -0.130
     4      C                 -0.130
     5      C                 -0.130
     6      C                 -0.130
     7      H                  0.130
     8      H                  0.130
     9      H                  0.130
    10      H                  0.130
    11      H                  0.130
    12      H                  0.130
 Total Mulliken Charge =       0.000
 
                  X        Y        Z     TOTAL  
  QM DIPOLE     0.000   -0.000   -0.000    0.000
 
 Final Structure

  QMMM: QM Region Cartesian Coordinates (*=link atom) 
  QMMM: QM_NO.   MM_NO.  ATOM         X         Y         Z
  QMMM:     1        1      C       -0.7601    1.1691   -0.0016
  QMMM:     2        2      C        0.6329    1.2449   -0.0007
  QMMM:     3        3      C        1.3950    0.0765    0.0009
  QMMM:     4        4      C        0.7641   -1.1678    0.0016
  QMMM:     5        5      C       -0.6289   -1.2436    0.0007
  QMMM:     6        6      C       -1.3910   -0.0751   -0.0009
  QMMM:     7        7      H       -1.3609    2.0902   -0.0029
  QMMM:     8        8      H        1.1301    2.2257   -0.0013
  QMMM:     9        9      H        2.4930    0.1362    0.0016
  QMMM:    10       10      H        1.3649   -2.0889    0.0029
  QMMM:    11       11      H       -1.1261   -2.2244    0.0013
  QMMM:    12       12      H       -2.4890   -0.1349   -0.0016

           --------- Calculation Completed ----------

