            --------------------------------------------------------
                             AMBER SQM VERSION 17
 
                                     By
              Ross C. Walker, Michael F. Crowley, Scott Brozell,
                         Tim Giese, Andreas W. Goetz,
                        Tai-Sung Lee and David A. Case
 
            --------------------------------------------------------
 

--------------------------------------------------------------------------------
  QM CALCULATION INFO
--------------------------------------------------------------------------------

| QMMM: Citation for AMBER QMMM Run:
| QMMM: R.C. Walker, M.F. Crowley and D.A. Case, J. COMP. CHEM. 29:1019, 2008

QMMM: SINGLET STATE CALCULATION
QMMM: RHF CALCULATION, NO. OF DOUBLY OCCUPIED LEVELS = 55

| QMMM: *** Selected Hamiltonian *** 
| QMMM: AM1         

| QMMM: *** Parameter sets in use ***
| QMMM: N : M.J.S.DEWAR et al. JACS, 107, 3902, (1985)
| QMMM: C : M.J.S.DEWAR et al. JACS, 107, 3902, (1985)
| QMMM: Cl: M.J.S.DEWAR et al. THEOCHEM, 180, 1, (1988)
| QMMM: H : M.J.S.DEWAR et al. JACS, 107, 3902, (1985)

| QMMM: *** SCF convergence criteria ***
| QMMM: Energy change                :  0.1D-09 kcal/mol
| QMMM: Error matrix |FP-PF|         :  0.1D+00 au
| QMMM: Density matrix change        :  0.1D-09
| QMMM: Maximum number of SCF cycles :     2000

| QMMM: *** Diagonalization Routine Information ***
| QMMM: Pseudo diagonalizations are allowed.
| QMMM: Auto diagonalization routine selection is in use.
| QMMM:
| QMMM: Timing diagonalization routines:
| QMMM:                              norbs =      101
| QMMM:    diag iterations used for timing =       10
| QMMM:
| QMMM:              Internal diag routine = 0.023066 seconds
| QMMM:                 Dspev diag routine = 0.024267 seconds
| QMMM:                Dspevd diag routine = 0.016299 seconds
| QMMM:                Dspevx diag routine = 0.078148 seconds
| QMMM:                 Dsyev diag routine = 0.028311 seconds
| QMMM:                Dsyevd diag routine = 0.022220 seconds
| QMMM:                Dsyevr diag routine = 0.021488 seconds
| QMMM:
| QMMM:                Pseudo diag routine = 0.010092 seconds
| QMMM:
| QMMM: Using dspevd routine (diag_routine=3).

  QMMM: QM Region Cartesian Coordinates (*=link atom) 
  QMMM: QM_NO.   MM_NO.  ATOM         X         Y         Z
  QMMM:     1        1      N        0.4610   10.1750   24.4240
  QMMM:     2        2      N        0.4450   12.1180   23.6900
  QMMM:     3        3      N        0.1860   12.1630   24.1090
  QMMM:     4        4      C        0.5860   10.2580   23.8460
  QMMM:     5        5      C        0.4510   11.7280   24.2080
  QMMM:     6        6      C        0.6140   12.5280   24.2290
  QMMM:     7        7      C        0.5340   13.8980   24.5380
  QMMM:     8        8      C        0.2860   14.4760   24.8250
  QMMM:     9        9      C        0.1240   13.6820   24.8080
  QMMM:    10       10      C        0.1870   12.3020   24.5090
  QMMM:    11       11      C        0.0640   11.5220   24.5080
  QMMM:    12       12      C        0.1000   10.1600   24.8760
  QMMM:    13       13      C        0.3530    9.5150   24.8280
  QMMM:    14       14      C        0.3140   11.4560   24.0920
  QMMM:    15       15      C        0.5170    8.0940   25.1750
  QMMM:    16       16      C        0.3780    7.1190   24.1620
  QMMM:    17       17      C        0.5290    5.7490   24.4480
  QMMM:    18       18      C        0.8190    5.3340   25.7600
  QMMM:    19       19      C        0.9520    6.2920   26.7820
  QMMM:    20       20      C        0.8000    7.6640   26.4970
  QMMM:    21       21      Cl       0.0060    3.6560   26.1170
  QMMM:    22       22      Cl       0.9440    8.7960   27.7960
  QMMM:    23       23      H        0.3340   11.6410   23.6740
  QMMM:    24       24      H        0.4010   13.0950   23.4420
  QMMM:    25       25      H        0.1740    5.9710   27.8000
  QMMM:    26       26      H        0.4880   10.1380   22.7670
  QMMM:    27       27      H        0.5820   12.0800   24.0040
  QMMM:    28       28      H        0.4370   14.5090   24.5550
  QMMM:    29       29      H        0.2180   15.5380   25.0610
  QMMM:    30       30      H        0.1590   14.1390   25.0290
  QMMM:    31       31      H        0.8010    9.6300   25.1840
  QMMM:    32       32      H        0.1500    7.4330   23.1430
  QMMM:    33       33      H        0.4210    5.0110   23.6530
  QMMM:    34       34      H        0.8060    9.6860   24.3480
  QMMM:    35       35      H        0.5630    9.8940   24.1640

--------------------------------------------------------------------------------
  RESULTS
--------------------------------------------------------------------------------

      iter         sqm energy              rms gradient
      ----    -------------------    -----------------------
xmin    10     1312.5516 kcal/mol      160.4960 kcal/(mol*A)
xmin    20      380.4146 kcal/mol        9.7377 kcal/(mol*A)
xmin    30      339.0735 kcal/mol        1.5144 kcal/(mol*A)
xmin    40      329.0867 kcal/mol        1.6125 kcal/(mol*A)
xmin    50      325.4377 kcal/mol        1.4136 kcal/(mol*A)
xmin    60      323.8990 kcal/mol        0.4487 kcal/(mol*A)
xmin    70      243.0158 kcal/mol        2.5164 kcal/(mol*A)
xmin    80      232.2277 kcal/mol        0.7185 kcal/(mol*A)
xmin    90      231.6077 kcal/mol        0.0614 kcal/(mol*A)
xmin   100      231.5989 kcal/mol        0.0130 kcal/(mol*A)
xmin   110      231.5979 kcal/mol        0.0025 kcal/(mol*A)
xmin   120      231.5979 kcal/mol        0.0004 kcal/(mol*A)
  ... geometry converged !
 
 Final MO eigenvalues (eV):
 -40.3496  -39.9595  -39.2233  -38.1472  -37.5363  -36.5316  -35.2486  -33.9315
 -33.1090  -31.9196  -30.9368  -30.5800  -27.2073  -25.6237  -25.1341  -24.3864
 -24.0574  -21.2820  -20.6420  -19.4619  -18.9233  -18.3450  -17.8306  -17.4184
 -17.1599  -17.0738  -16.5454  -16.4239  -15.7810  -15.6515  -15.2746  -15.0304
 -14.3896  -14.1183  -13.7315  -13.6882  -13.6646  -13.5658  -13.4304  -13.3152
 -13.1151  -12.8512  -12.1272  -12.0299  -11.9878  -11.8746  -11.4104  -11.1294
 -11.0287  -10.3930  -10.2740  -10.0432   -9.8332   -9.2878   -8.9070   -0.9185
  -0.1756   -0.0491    0.4498    0.8830    1.0698    1.2913    1.3088    1.4278
   1.5348    1.8831    2.6403    2.6825    2.7117    2.9711    3.1998    3.2762
   3.3884    3.5890    3.6612    3.8141    3.8756    3.9111    3.9666    4.0510
   4.1279    4.2039    4.2227    4.3463    4.3937    4.4311    4.5997    4.7364
   4.7987    4.8325    4.8831    4.9870    5.0315    5.2636    5.7488    5.7992
   6.1406    6.3120    6.3427    6.4021    7.5369

 Heat of formation   =        231.59792578 kcal/mol  (       10.04283968 eV)

 Total SCF energy    =     -85698.37946476 kcal/mol  (    -3716.16059428 eV)
 Electronic energy   =    -527525.16551706 kcal/mol  (   -22875.20773241 eV)
 Core-core repulsion =     441826.78605230 kcal/mol  (    19159.04713813 eV)
 
    Atomic Charges for Step       1 :
  Atom    Element       Mulliken Charge
     1      N                 -0.343
     2      N                 -0.280
     3      N                 -0.039
     4      C                 -0.021
     5      C                 -0.190
     6      C                 -0.153
     7      C                 -0.003
     8      C                 -0.131
     9      C                 -0.120
    10      C                 -0.066
    11      C                  0.061
    12      C                 -0.075
    13      C                 -0.107
    14      C                 -0.090
    15      C                  0.039
    16      C                 -0.092
    17      C                 -0.128
    18      C                 -0.048
    19      C                 -0.126
    20      C                 -0.036
    21      Cl                -0.001
    22      Cl                 0.007
    23      H                  0.203
    24      H                  0.168
    25      H                  0.164
    26      H                  0.114
    27      H                  0.227
    28      H                  0.148
    29      H                  0.128
    30      H                  0.133
    31      H                  0.146
    32      H                  0.153
    33      H                  0.155
    34      H                  0.148
    35      H                  0.056
 Total Mulliken Charge =       0.000
 
                  X        Y        Z     TOTAL  
  QM DIPOLE    -0.401    1.059    1.294    1.719
 
 Final Structure

  QMMM: QM Region Cartesian Coordinates (*=link atom) 
  QMMM: QM_NO.   MM_NO.  ATOM         X         Y         Z
  QMMM:     1        1      N        3.7137   10.1979   23.2831
  QMMM:     2        2      N       -0.1001   12.2159   21.6864
  QMMM:     3        3      N        0.9729   11.4431   21.6823
  QMMM:     4        4      C        2.5375    9.7858   22.5543
  QMMM:     5        5      C       -0.4982   16.1648   23.9797
  QMMM:     6        6      C       -0.2736   15.3059   24.7820
  QMMM:     7        7      C       -0.0284   14.2986   25.7465
  QMMM:     8        8      C        1.3784   14.0607   26.2726
  QMMM:     9        9      C        0.7390   13.0810   25.3880
  QMMM:    10       10      C        0.7837   11.9752   24.7539
  QMMM:    11       11      C        0.8395   10.8335   24.0994
  QMMM:    12       12      C        0.3884    9.6272   24.6677
  QMMM:    13       13      C       -0.0074    8.6013   25.1476
  QMMM:    14       14      C        1.3858   10.7626   22.7187
  QMMM:    15       15      C       -0.4701    7.3923   25.6924
  QMMM:    16       16      C       -0.8375    6.3390   24.8360
  QMMM:    17       17      C       -1.3002    5.1321   25.3476
  QMMM:    18       18      C       -1.4022    4.9621   26.7327
  QMMM:    19       19      C       -1.0444    5.9925   27.6051
  QMMM:    20       20      C       -0.5798    7.2038   27.0843
  QMMM:    21       21      Cl      -1.9664    3.4900   27.3628
  QMMM:    22       22      Cl      -0.1503    8.4408   28.1651
  QMMM:    23       23      H       -0.0218   12.9099   20.9615
  QMMM:    24       24      H       -0.3899   12.6148   22.5659
  QMMM:    25       25      H       -1.1271    5.8543   28.6950
  QMMM:    26       26      H        2.8315    9.6959   21.4686
  QMMM:    27       27      H       -0.6990   16.9300   23.2734
  QMMM:    28       28      H       -0.8772   14.1698   26.4584
  QMMM:    29       29      H        1.5061   13.8143   27.3435
  QMMM:    30       30      H        2.2143   14.6683   25.8773
  QMMM:    31       31      H        3.4864   10.4626   24.2214
  QMMM:    32       32      H       -0.7577    6.4787   23.7464
  QMMM:    33       33      H       -1.5849    4.3168   24.6646
  QMMM:    34       34      H        4.3809    9.4521   23.3036
  QMMM:    35       35      H        2.1420    8.7767   22.8832

           --------- Calculation Completed ----------

